[2025-06-13T07:09:13.407Z] Loaded filters: stepSize=0.00001, minQty=0.00001, minNotional=0
[2025-06-13T07:09:13.409Z] Placing grid orders...
[2025-06-13T07:09:13.507Z] BUY 3835158@100000 x0.00249
[2025-06-13T07:09:13.639Z] SELL 3835159@101227.22 x0.00249
[2025-06-13T07:09:13.756Z] BUY 3835160@101227.22 x0.00246
[2025-06-13T07:09:13.873Z] SELL 3835162@102469.51 x0.00246
[2025-06-13T07:09:13.993Z] BUY 3835164@102469.51 x0.00243
[2025-06-13T07:09:14.237Z] SELL 3835166@103727.04 x0.00243
[2025-06-13T07:09:14.458Z] BUY 3835167@103727.04 x0.00241
[2025-06-13T07:09:14.677Z] SELL 3835168@105000 x0.00241
[2025-06-13T07:09:24.684Z] Run #1
[2025-06-13T07:09:24.686Z] Placing grid orders...
[2025-06-13T07:09:24.928Z] BUY 3835198@100000 x0.00249
[2025-06-13T07:09:25.044Z] SELL 3835199@101227.22 x0.00249
[2025-06-13T07:09:25.162Z] BUY 3835200@101227.22 x0.00246
[2025-06-13T07:09:25.281Z] SELL 3835201@102469.51 x0.00246
[2025-06-13T07:09:25.396Z] BUY 3835202@102469.51 x0.00243
[2025-06-13T07:09:25.513Z] SELL 3835203@103727.04 x0.00243
[2025-06-13T07:09:25.733Z] BUY 3835205@103727.04 x0.00241
[2025-06-13T07:09:25.961Z] SELL 3835207@105000 x0.00241
[2025-06-13T07:09:27.359Z] All open orders cancelled
[2025-06-13T07:09:27.361Z] ===== REPORT =====
[2025-06-13T07:09:27.362Z] Invested: $1000
[2025-06-13T07:09:27.363Z] Bought: $0, Sold: $0, Fees: $0
[2025-06-13T07:09:27.364Z] Profit: $0.00 (0.00%)
[2025-06-13T07:09:27.365Z] Open orders: 16, Trades: 0
[2025-06-13T07:09:27.614Z] === Asset Summary ===
[2025-06-13T07:09:27.615Z] ETH: 1 (~2522.92 USDT)
[2025-06-13T07:09:27.615Z] BTC: 0.73492 (~76853.10 USDT)
[2025-06-13T07:09:27.616Z] LTC: 5 (~418.05 USDT)
[2025-06-13T07:09:27.616Z] BNB: 1 (~652.26 USDT)
[2025-06-13T07:09:27.617Z] TRX: 1837 (~502.24 USDT)
[2025-06-13T07:09:27.618Z] XRP: 221 (~467.86 USDT)
[2025-06-13T07:09:27.618Z] NEO: 81 (~447.12 USDT)
[2025-06-13T07:09:27.619Z] QTUM: 240 (~481.68 USDT)
[2025-06-13T07:09:27.620Z] GAS: 165 (~459.52 USDT)
[2025-06-13T07:09:27.620Z] LRC: 5714 (~434.84 USDT)
[2025-06-13T07:09:27.621Z] ZRX: 2034 (~454.80 USDT)
[2025-06-13T07:09:27.623Z] KNC: 1491 (~472.95 USDT)
[2025-06-13T07:09:27.625Z] IOTA: 2673 (~447.73 USDT)
[2025-06-13T07:09:27.626Z] LINK: 35 (~462.35 USDT)
[2025-06-13T07:09:27.628Z] XVG: 18446 (~94.35 USDT)
[2025-06-13T07:09:27.630Z] MTL: 655 (~456.54 USDT)
[2025-06-13T07:09:27.631Z] ETC: 28 (~456.96 USDT)
[2025-06-13T07:09:27.632Z] ZEC: 9 (~414.36 USDT)
[2025-06-13T07:09:27.634Z] DASH: 22 (~440.66 USDT)
[2025-06-13T07:09:27.635Z] REQ: 3566 (~482.84 USDT)
[2025-06-13T07:09:27.635Z] POWR: 2988 (~456.57 USDT)
[2025-06-13T07:09:27.636Z] ENJ: 6595 (~434.61 USDT)
[2025-06-13T07:09:27.636Z] STORJ: 1834 (~449.15 USDT)
[2025-06-13T07:09:27.636Z] KMD: 4236 (~358.79 USDT)
[2025-06-13T07:09:27.637Z] BAT: 3695 (~456.33 USDT)
[2025-06-13T07:09:27.637Z] LSK: 1103 (~435.69 USDT)
[2025-06-13T07:09:27.638Z] MANA: 1768 (~459.33 USDT)
[2025-06-13T07:09:27.638Z] ADX: 5002 (~426.67 USDT)
[2025-06-13T07:09:27.639Z] ADA: 717 (~453.50 USDT)
[2025-06-13T07:09:27.639Z] XLM: 1822 (~468.98 USDT)
[2025-06-13T07:09:27.640Z] ICX: 3327 (~470.44 USDT)
[2025-06-13T07:09:27.640Z] RLC: 489 (~463.57 USDT)
[2025-06-13T07:09:27.640Z] PIVX: 3604 (~448.70 USDT)
[2025-06-13T07:09:27.641Z] STEEM: 3579 (~444.15 USDT)
[2025-06-13T07:09:27.641Z] ZIL: 18446 (~199.22 USDT)
[2025-06-13T07:09:27.641Z] ONT: 3625 (~451.68 USDT)
[2025-06-13T07:09:27.642Z] WAN: 4206 (~455.93 USDT)
[2025-06-13T07:09:27.642Z] SYS: 11709 (~418.01 USDT)
[2025-06-13T07:09:27.642Z] TUSD: 10000 (~9879.00 USDT)
[2025-06-13T07:09:27.643Z] ZEN: 44 (~385.44 USDT)
[2025-06-13T07:09:27.643Z] THETA: 637 (~440.80 USDT)
[2025-06-13T07:09:27.645Z] IOTX: 18446 (~387.55 USDT)
[2025-06-13T07:09:27.646Z] DATA: 18446 (~232.79 USDT)
[2025-06-13T07:09:27.647Z] SC: 18446 (~56.33 USDT)
[2025-06-13T07:09:27.648Z] DENT: 18446 (~11.47 USDT)
[2025-06-13T07:09:27.649Z] ARDR: 5742 (~480.61 USDT)
[2025-06-13T07:09:27.649Z] HOT: 18446 (~16.34 USDT)
[2025-06-13T07:09:27.650Z] VET: 18446 (~408.21 USDT)
[2025-06-13T07:09:27.650Z] RVN: 18446 (~354.16 USDT)
[2025-06-13T07:09:27.650Z] USDC: 10000 (~9993.00 USDT)
[2025-06-13T07:09:27.651Z] ONG: 2673 (~452.54 USDT)
[2025-06-13T07:09:27.651Z] FET: 607 (~396.37 USDT)
[2025-06-13T07:09:27.651Z] IOST: 18446 (~65.70 USDT)
[2025-06-13T07:09:27.652Z] CELR: 18446 (~138.53 USDT)
[2025-06-13T07:09:27.652Z] ATOM: 113 (~458.67 USDT)
[2025-06-13T07:09:27.652Z] PHB: 965 (~423.63 USDT)
[2025-06-13T07:09:27.653Z] TFUEL: 13837 (~448.60 USDT)
[2025-06-13T07:09:27.653Z] ONE: 18446 (~188.52 USDT)
[2025-06-13T07:09:27.653Z] ALGO: 2527 (~444.50 USDT)
[2025-06-13T07:09:27.654Z] DOGE: 2559 (~443.94 USDT)
[2025-06-13T07:09:27.654Z] DUSK: 7142 (~364.24 USDT)
[2025-06-13T07:09:27.655Z] ANKR: 18446 (~277.24 USDT)
[2025-06-13T07:09:27.655Z] WIN: 18446 (~0.92 USDT)
[2025-06-13T07:09:27.655Z] COS: 18446 (~53.36 USDT)
[2025-06-13T07:09:27.656Z] FUN: 18446 (~70.28 USDT)
[2025-06-13T07:09:27.656Z] CVC: 3965 (~367.95 USDT)
[2025-06-13T07:09:27.656Z] CHZ: 12533 (~450.69 USDT)
[2025-06-13T07:09:27.657Z] BAND: 728 (~440.44 USDT)
[2025-06-13T07:09:27.657Z] XTZ: 852 (~471.33 USDT)
[2025-06-13T07:09:27.657Z] HBAR: 2910 (~449.68 USDT)
[2025-06-13T07:09:27.658Z] NKN: 16667 (~408.34 USDT)
[2025-06-13T07:09:27.658Z] STX: 645 (~396.68 USDT)
[2025-06-13T07:09:27.658Z] KAVA: 1116 (~468.05 USDT)
[2025-06-13T07:09:27.659Z] ARPA: 18446 (~348.08 USDT)
[2025-06-13T07:09:27.659Z] BCH: 1 (~416.60 USDT)
[2025-06-13T07:09:27.659Z] FTT: 473 (~418.37 USDT)
[2025-06-13T07:09:27.660Z] EUR: 439 (~506.61 USDT)
[2025-06-13T07:09:27.661Z] OGN: 8732 (~441.84 USDT)
[2025-06-13T07:09:27.662Z] BNT: 750 (~447.15 USDT)
[2025-06-13T07:09:27.662Z] LTO: 14327 (~406.89 USDT)
[2025-06-13T07:09:27.663Z] MBL: 18446 (~40.27 USDT)
[2025-06-13T07:09:27.663Z] COTI: 8396 (~421.14 USDT)
[2025-06-13T07:09:27.664Z] SOL: 3 (~433.74 USDT)
[2025-06-13T07:09:27.665Z] CTSI: 7638 (~437.66 USDT)
[2025-06-13T07:09:27.665Z] HIVE: 2045 (~431.50 USDT)
[2025-06-13T07:09:27.666Z] CHR: 5719 (~439.79 USDT)
[2025-06-13T07:09:27.666Z] MDT: 18446 (~300.12 USDT)
[2025-06-13T07:09:27.667Z] COMP: 10 (~523.10 USDT)
[2025-06-13T07:09:27.667Z] SXP: 2720 (~455.87 USDT)
[2025-06-13T07:09:27.668Z] SNX: 723 (~435.97 USDT)
[2025-06-13T07:09:27.668Z] VTHO: 18446 (~35.88 USDT)
[2025-06-13T07:09:27.669Z] DGB: 18446 (~147.57 USDT)
[2025-06-13T07:09:27.669Z] MKR: 1 (~1891.00 USDT)
[2025-06-13T07:09:27.670Z] RUNE: 301 (~450.00 USDT)
[2025-06-13T07:09:27.670Z] DCR: 33 (~473.88 USDT)
[2025-06-13T07:09:27.671Z] FIO: 18446 (~257.51 USDT)
[2025-06-13T07:09:27.671Z] AVA: 879 (~465.43 USDT)
[2025-06-13T07:09:27.671Z] YFI: 1 (~5074.00 USDT)
[2025-06-13T07:09:27.672Z] JST: 15217 (~496.07 USDT)
[2025-06-13T07:09:27.672Z] CRV: 726 (~428.49 USDT)
[2025-06-13T07:09:27.673Z] SAND: 1775 (~459.55 USDT)
[2025-06-13T07:09:27.673Z] NMR: 61 (~454.45 USDT)
[2025-06-13T07:09:27.674Z] DOT: 120 (~456.96 USDT)
[2025-06-13T07:09:27.674Z] LUNA: 2862 (~445.61 USDT)
[2025-06-13T07:09:27.674Z] RSR: 18446 (~113.41 USDT)
[2025-06-13T07:09:27.675Z] PAXG: 1 (~3443.80 USDT)
[2025-06-13T07:09:27.676Z] TRB: 9 (~365.85 USDT)
[2025-06-13T07:09:27.676Z] WBTC: 1 (~104525.34 USDT)
[2025-06-13T07:09:27.678Z] SUSHI: 720 (~441.36 USDT)
[2025-06-13T07:09:27.679Z] KSM: 29 (~423.11 USDT)
[2025-06-13T07:09:27.679Z] EGLD: 31 (~421.29 USDT)
[2025-06-13T07:09:27.680Z] DIA: 1174 (~461.97 USDT)
[2025-06-13T07:09:27.681Z] UMA: 430 (~541.80 USDT)
[2025-06-13T07:09:27.682Z] BEL: 1710 (~433.14 USDT)
[2025-06-13T07:09:27.682Z] UNI: 73 (~538.45 USDT)
[2025-06-13T07:09:27.683Z] OXT: 8850 (~486.75 USDT)
[2025-06-13T07:09:27.683Z] SUN: 18446 (~337.38 USDT)
[2025-06-13T07:09:27.683Z] AVAX: 23 (~437.00 USDT)
[2025-06-13T07:09:27.684Z] FLM: 14332 (~471.52 USDT)
[2025-06-13T07:09:27.685Z] SCRT: 2768 (~447.03 USDT)
[2025-06-13T07:09:27.685Z] CAKE: 205 (~497.94 USDT)
[2025-06-13T07:09:27.686Z] UTK: 16742 (~442.66 USDT)
[2025-06-13T07:09:27.687Z] XVS: 81 (~481.95 USDT)
[2025-06-13T07:09:27.687Z] ALPHA: 18446 (~387.37 USDT)
[2025-06-13T07:09:27.687Z] AAVE: 1 (~279.12 USDT)
[2025-06-13T07:09:27.688Z] NEAR: 197 (~438.32 USDT)
[2025-06-13T07:09:27.688Z] FIL: 190 (~452.39 USDT)
[2025-06-13T07:09:27.689Z] INJ: 38 (~434.34 USDT)
[2025-06-13T07:09:27.689Z] AUDIO: 7171 (~433.85 USDT)
[2025-06-13T07:09:27.690Z] CTK: 1557 (~387.85 USDT)
[2025-06-13T07:09:27.690Z] AXS: 198 (~456.19 USDT)
[2025-06-13T07:09:27.691Z] SLP: 18446 (~23.91 USDT)
[2025-06-13T07:09:27.691Z] STRAX: 10751 (~450.90 USDT)
[2025-06-13T07:09:27.692Z] ROSE: 16895 (~425.59 USDT)
[2025-06-13T07:09:27.692Z] SKL: 18446 (~346.60 USDT)
[2025-06-13T07:09:27.693Z] GLM: 2070 (~460.16 USDT)
[2025-06-13T07:09:27.694Z] GRT: 5117 (~436.48 USDT)
[2025-06-13T07:09:27.695Z] JUV: 472 (~502.68 USDT)
[2025-06-13T07:09:27.696Z] PSG: 249 (~448.20 USDT)
[2025-06-13T07:09:27.697Z] 1INCH: 2289 (~432.62 USDT)
[2025-06-13T07:09:27.698Z] OG: 111 (~460.43 USDT)
[2025-06-13T07:09:27.698Z] ATM: 452 (~523.42 USDT)
[2025-06-13T07:09:27.698Z] ASR: 240 (~508.80 USDT)
[2025-06-13T07:09:27.699Z] CELO: 1491 (~421.21 USDT)
[2025-06-13T07:09:27.699Z] RIF: 9708 (~486.37 USDT)
[2025-06-13T07:09:27.700Z] TRU: 13368 (~431.79 USDT)
[2025-06-13T07:09:27.701Z] CKB: 18446 (~67.03 USDT)
[2025-06-13T07:09:27.701Z] TWT: 606 (~467.04 USDT)
[2025-06-13T07:09:27.702Z] SFP: 1021 (~463.23 USDT)
[2025-06-13T07:09:27.702Z] DODO: 11213 (~444.03 USDT)
[2025-06-13T07:09:27.703Z] ACM: 589 (~499.47 USDT)
[2025-06-13T07:09:27.703Z] AUCTION: 46 (~426.42 USDT)
[2025-06-13T07:09:27.704Z] PHA: 3646 (~391.58 USDT)
[2025-06-13T07:09:27.705Z] FIS: 3242 (~324.85 USDT)
[2025-06-13T07:09:27.705Z] OM: 1533 (~384.94 USDT)
[2025-06-13T07:09:27.706Z] POND: 18446 (~155.87 USDT)
[2025-06-13T07:09:27.706Z] DEGO: 354 (~373.12 USDT)
[2025-06-13T07:09:27.706Z] ALICE: 1175 (~470.59 USDT)
[2025-06-13T07:09:27.707Z] PERP: 1994 (~449.45 USDT)
[2025-06-13T07:09:27.707Z] SUPER: 740 (~454.73 USDT)
[2025-06-13T07:09:27.708Z] CFX: 6440 (~468.83 USDT)
[2025-06-13T07:09:27.708Z] TKO: 3393 (~444.48 USDT)
[2025-06-13T07:09:27.708Z] PUNDIX: 1512 (~434.55 USDT)
[2025-06-13T07:09:27.709Z] TLM: 18446 (~78.58 USDT)
[2025-06-13T07:09:27.709Z] BAR: 372 (~462.40 USDT)
[2025-06-13T07:09:27.709Z] FORTH: 209 (~509.12 USDT)
[2025-06-13T07:09:27.710Z] BAKE: 4359 (~435.90 USDT)
[2025-06-13T07:09:27.710Z] SHIB: 18446 (~0.24 USDT)
[2025-06-13T07:09:27.711Z] ICP: 92 (~501.86 USDT)
[2025-06-13T07:09:27.712Z] AR: 74 (~449.18 USDT)
[2025-06-13T07:09:27.713Z] MASK: 172 (~243.21 USDT)
[2025-06-13T07:09:27.714Z] LPT: 65 (~451.81 USDT)
[2025-06-13T07:09:27.714Z] ATA: 10603 (~435.78 USDT)
[2025-06-13T07:09:27.715Z] GTC: 1846 (~437.50 USDT)
[2025-06-13T07:09:27.715Z] MLN: 61 (~466.04 USDT)
[2025-06-13T07:09:27.716Z] DEXE: 51 (~449.97 USDT)
[2025-06-13T07:09:27.716Z] C98: 9420 (~431.44 USDT)
[2025-06-13T07:09:27.716Z] QNT: 4 (~419.92 USDT)
[2025-06-13T07:09:27.717Z] FLOW: 1331 (~459.19 USDT)
[2025-06-13T07:09:27.718Z] MINA: 2327 (~417.46 USDT)
[2025-06-13T07:09:27.718Z] RAY: 208 (~432.22 USDT)
[2025-06-13T07:09:27.719Z] FARM: 16 (~441.76 USDT)
[2025-06-13T07:09:27.719Z] QUICK: 18446 (~445.29 USDT)
[2025-06-13T07:09:27.720Z] MBOX: 9259 (~425.91 USDT)
[2025-06-13T07:09:27.720Z] GHST: 1222 (~448.47 USDT)
[2025-06-13T07:09:27.721Z] WAXP: 18446 (~376.30 USDT)
[2025-06-13T07:09:27.721Z] GNO: 3 (~336.60 USDT)
[2025-06-13T07:09:27.721Z] XEC: 18446 (~0.37 USDT)
[2025-06-13T07:09:27.722Z] DYDX: 875 (~441.35 USDT)
[2025-06-13T07:09:27.722Z] IDEX: 18446 (~378.70 USDT)
[2025-06-13T07:09:27.722Z] USDP: 500 (~499.90 USDT)
[2025-06-13T07:09:27.723Z] GALA: 18446 (~272.08 USDT)
[2025-06-13T07:09:27.723Z] ILV: 38 (~439.28 USDT)
[2025-06-13T07:09:27.724Z] YGG: 2626 (~428.83 USDT)
[2025-06-13T07:09:27.724Z] DF: 10482 (~429.76 USDT)
[2025-06-13T07:09:27.725Z] FIDA: 7092 (~441.83 USDT)
[2025-06-13T07:09:27.725Z] AGLD: 581 (~418.32 USDT)
[2025-06-13T07:09:27.726Z] RAD: 713 (~472.72 USDT)
[2025-06-13T07:09:27.726Z] RARE: 8431 (~433.35 USDT)
[2025-06-13T07:09:27.728Z] SSV: 46 (~418.60 USDT)
[2025-06-13T07:09:27.729Z] LAZIO: 558 (~457.56 USDT)
[2025-06-13T07:09:27.730Z] CHESS: 7585 (~517.30 USDT)
[2025-06-13T07:09:27.731Z] MOVR: 77 (~448.29 USDT)
[2025-06-13T07:09:27.731Z] CITY: 479 (~489.06 USDT)
[2025-06-13T07:09:27.732Z] ENS: 22 (~441.98 USDT)
[2025-06-13T07:09:27.732Z] QI: 18446 (~133.73 USDT)
[2025-06-13T07:09:27.733Z] PORTO: 541 (~449.57 USDT)
[2025-06-13T07:09:27.733Z] JASMY: 18446 (~237.22 USDT)
[2025-06-13T07:09:27.734Z] AMP: 18446 (~66.35 USDT)
[2025-06-13T07:09:27.735Z] PYR: 489 (~467.97 USDT)
[2025-06-13T07:09:27.735Z] ALCX: 49 (~402.78 USDT)
[2025-06-13T07:09:27.736Z] SANTOS: 216 (~463.32 USDT)
[2025-06-13T07:09:27.736Z] BICO: 4737 (~423.49 USDT)
[2025-06-13T07:09:27.737Z] FLUX: 2149 (~429.37 USDT)
[2025-06-13T07:09:27.737Z] FXS: 164 (~420.66 USDT)
[2025-06-13T07:09:27.738Z] VOXEL: 8708 (~438.88 USDT)
[2025-06-13T07:09:27.738Z] HIGH: 894 (~451.47 USDT)
[2025-06-13T07:09:27.739Z] CVX: 184 (~477.66 USDT)
[2025-06-13T07:09:27.739Z] PEOPLE: 18446 (~328.15 USDT)
[2025-06-13T07:09:27.739Z] SPELL: 18446 (~8.67 USDT)
[2025-06-13T07:09:27.740Z] JOE: 3001 (~438.45 USDT)
[2025-06-13T07:09:27.740Z] ACH: 18446 (~346.60 USDT)
[2025-06-13T07:09:27.741Z] IMX: 878 (~391.59 USDT)
[2025-06-13T07:09:27.741Z] GLMR: 6272 (~466.01 USDT)
[2025-06-13T07:09:27.742Z] LOKA: 8487 (~421.80 USDT)
[2025-06-13T07:09:27.742Z] API3: 681 (~444.69 USDT)
[2025-06-13T07:09:27.742Z] BTTC: 18446 (~0.01 USDT)
[2025-06-13T07:09:27.743Z] ACA: 17909 (~469.22 USDT)
[2025-06-13T07:09:27.744Z] XNO: 505 (~481.77 USDT)
[2025-06-13T07:09:27.745Z] WOO: 6186 (~432.40 USDT)
[2025-06-13T07:09:27.746Z] ALPINE: 628 (~435.20 USDT)
[2025-06-13T07:09:27.747Z] T: 18446 (~255.85 USDT)
[2025-06-13T07:09:27.748Z] ASTR: 18249 (~452.58 USDT)
[2025-06-13T07:09:27.749Z] GMT: 9577 (~455.87 USDT)
[2025-06-13T07:09:27.749Z] KDA: 1062 (~445.83 USDT)
[2025-06-13T07:09:27.750Z] APE: 656 (~437.81 USDT)
[2025-06-13T07:09:27.751Z] BSW: 18446 (~405.81 USDT)
[2025-06-13T07:09:27.751Z] BIFI: 2 (~303.80 USDT)
[2025-06-13T07:09:27.752Z] NEXO: 400 (~484.00 USDT)
[2025-06-13T07:09:27.752Z] REI: 18446 (~303.44 USDT)
[2025-06-13T07:09:27.753Z] LDO: 581 (~474.10 USDT)
[2025-06-13T07:09:27.753Z] OP: 768 (~447.74 USDT)
[2025-06-13T07:09:27.754Z] LEVER: 18446 (~7.73 USDT)
[2025-06-13T07:09:27.754Z] STG: 2698 (~454.07 USDT)
[2025-06-13T07:09:27.754Z] LUNC: 18446 (~1.03 USDT)
[2025-06-13T07:09:27.755Z] GMX: 31 (~467.17 USDT)
[2025-06-13T07:09:27.756Z] POLYX: 3440 (~446.86 USDT)
[2025-06-13T07:09:27.756Z] APT: 101 (~447.33 USDT)
[2025-06-13T07:09:27.757Z] OSMO: 2347 (~408.61 USDT)
[2025-06-13T07:09:27.757Z] HFT: 8183 (~427.97 USDT)
[2025-06-13T07:09:27.757Z] HOOK: 4186 (~415.25 USDT)
[2025-06-13T07:09:27.758Z] MAGIC: 3656 (~405.08 USDT)
[2025-06-13T07:09:27.758Z] HIFI: 5701 (~377.98 USDT)
[2025-06-13T07:09:27.759Z] RPL: 83 (~489.70 USDT)
[2025-06-13T07:09:27.759Z] GNS: 421 (~478.68 USDT)
[2025-06-13T07:09:27.760Z] SYN: 3002 (~419.68 USDT)
[2025-06-13T07:09:27.761Z] LQTY: 489 (~445.97 USDT)
[2025-06-13T07:09:27.762Z] USTC: 18446 (~205.49 USDT)
[2025-06-13T07:09:27.763Z] PROM: 93 (~495.60 USDT)
[2025-06-13T07:09:27.764Z] QKC: 18446 (~121.47 USDT)
[2025-06-13T07:09:27.765Z] ID: 2688 (~435.19 USDT)
[2025-06-13T07:09:27.766Z] ARB: 1376 (~466.19 USDT)
[2025-06-13T07:09:27.766Z] RDNT: 18446 (~392.16 USDT)
[2025-06-13T07:09:27.767Z] EDU: 3487 (~481.90 USDT)
[2025-06-13T07:09:27.767Z] SUI: 155 (~464.69 USDT)
[2025-06-13T07:09:27.768Z] PEPE: 18446 (~0.26 USDT)
[2025-06-13T07:09:27.768Z] FLOKI: 18446 (~1.40 USDT)
[2025-06-13T07:09:27.769Z] WBETH: 1 (~2703.42 USDT)
[2025-06-13T07:09:27.769Z] MAV: 8783 (~424.39 USDT)
[2025-06-13T07:09:27.770Z] PENDLE: 115 (~421.25 USDT)
[2025-06-13T07:09:27.770Z] ARKM: 915 (~419.07 USDT)
[2025-06-13T07:09:27.770Z] WLD: 428 (~412.16 USDT)
[2025-06-13T07:09:27.771Z] FDUSD: 10000 (~9978.00 USDT)
[2025-06-13T07:09:27.772Z] SEI: 2508 (~438.65 USDT)
[2025-06-13T07:09:27.772Z] CYBER: 408 (~502.25 USDT)
[2025-06-13T07:09:27.772Z] ARK: 1314 (~462.00 USDT)
[2025-06-13T07:09:27.773Z] IQ: 18446 (~67.07 USDT)
[2025-06-13T07:09:27.773Z] NTRN: 4837 (~447.91 USDT)
[2025-06-13T07:09:27.774Z] TIA: 225 (~405.23 USDT)
[2025-06-13T07:09:27.774Z] MEME: 18446 (~28.72 USDT)
[2025-06-13T07:09:27.775Z] ORDI: 56 (~421.23 USDT)
[2025-06-13T07:09:27.775Z] BEAMX: 18446 (~104.77 USDT)
[2025-06-13T07:09:27.775Z] VIC: 2673 (~414.31 USDT)
[2025-06-13T07:09:27.776Z] BLUR: 5347 (~424.55 USDT)
[2025-06-13T07:09:27.777Z] VANRY: 14577 (~425.65 USDT)
[2025-06-13T07:09:27.778Z] AEUR: 490 (~495.88 USDT)
[2025-06-13T07:09:27.779Z] JTO: 269 (~506.53 USDT)
[2025-06-13T07:09:27.780Z] 1000SATS: 18446 (~0.72 USDT)
[2025-06-13T07:09:27.780Z] BONK: 18446 (~0.26 USDT)
[2025-06-13T07:09:27.781Z] ACE: 853 (~447.82 USDT)
[2025-06-13T07:09:27.782Z] NFP: 6832 (~414.02 USDT)
[2025-06-13T07:09:27.782Z] AI: 3428 (~410.33 USDT)
[2025-06-13T07:09:27.783Z] XAI: 7194 (~402.86 USDT)
[2025-06-13T07:09:27.784Z] MANTA: 1986 (~401.17 USDT)
[2025-06-13T07:09:27.784Z] ALT: 17905 (~430.62 USDT)
[2025-06-13T07:09:27.784Z] JUP: 919 (~367.51 USDT)
[2025-06-13T07:09:27.785Z] PYTH: 4128 (~435.92 USDT)
[2025-06-13T07:09:27.785Z] RONIN: 840 (~423.36 USDT)
[2025-06-13T07:09:27.786Z] DYM: 1689 (~427.32 USDT)
[2025-06-13T07:09:27.786Z] PIXEL: 10801 (~400.93 USDT)
[2025-06-13T07:09:27.787Z] STRK: 3615 (~431.63 USDT)
[2025-06-13T07:09:27.788Z] PORTAL: 10499 (~373.76 USDT)
[2025-06-13T07:09:27.788Z] AXL: 1516 (~632.48 USDT)
[2025-06-13T07:09:27.788Z] WIF: 518 (~423.72 USDT)
[2025-06-13T07:09:27.789Z] METIS: 27 (~428.22 USDT)
[2025-06-13T07:09:27.789Z] AEVO: 4845 (~412.31 USDT)
[2025-06-13T07:09:27.790Z] BOME: 18446 (~28.83 USDT)
[2025-06-13T07:09:27.790Z] ETHFI: 412 (~443.31 USDT)
[2025-06-13T07:09:27.791Z] ENA: 1490 (~434.78 USDT)
[2025-06-13T07:09:27.791Z] W: 6127 (~400.09 USDT)
[2025-06-13T07:09:27.792Z] TNSR: 3728 (~408.22 USDT)
[2025-06-13T07:09:27.792Z] SAGA: 1652 (~403.75 USDT)
[2025-06-13T07:09:27.793Z] TAO: 1 (~364.90 USDT)
[2025-06-13T07:09:27.794Z] OMNI: 220 (~415.80 USDT)
[2025-06-13T07:09:27.795Z] REZ: 18446 (~167.49 USDT)
[2025-06-13T07:09:27.796Z] BB: 4183 (~393.20 USDT)
[2025-06-13T07:09:27.797Z] NOT: 18446 (~36.98 USDT)
[2025-06-13T07:09:27.798Z] IO: 607 (~407.30 USDT)
[2025-06-13T07:09:27.799Z] ZK: 8484 (~412.32 USDT)
[2025-06-13T07:09:27.799Z] LISTA: 2073 (~432.84 USDT)
[2025-06-13T07:09:27.800Z] ZRO: 216 (~414.07 USDT)
[2025-06-13T07:09:27.801Z] G: 18446 (~223.38 USDT)
[2025-06-13T07:09:27.802Z] BANANA: 22 (~410.08 USDT)
[2025-06-13T07:09:27.802Z] RENDER: 126 (~427.01 USDT)
[2025-06-13T07:09:27.806Z] TON: 156 (~464.41 USDT)
[2025-06-13T07:09:27.806Z] DOGS: 18446 (~2.35 USDT)
[2025-06-13T07:09:27.807Z] EURI: 439 (~506.34 USDT)
[2025-06-13T07:09:27.807Z] SLF: 3172 (~416.17 USDT)
[2025-06-13T07:09:27.808Z] POL: 2301 (~460.43 USDT)
[2025-06-13T07:09:27.809Z] NEIRO: 18446 (~7.23 USDT)
[2025-06-13T07:09:27.810Z] TURBO: 18446 (~65.58 USDT)
[2025-06-13T07:09:27.811Z] 1MBABYDOGE: 18446 (~22.98 USDT)
[2025-06-13T07:09:27.812Z] CATI: 5269 (~421.52 USDT)
[2025-06-13T07:09:27.813Z] HMSTR: 18446 (~16.62 USDT)
[2025-06-13T07:09:27.814Z] EIGEN: 328 (~424.10 USDT)
[2025-06-13T07:09:27.815Z] BNSOL: 3 (~457.80 USDT)
[2025-06-13T07:09:27.815Z] SCR: 1666 (~446.49 USDT)
[2025-06-13T07:09:27.816Z] LUMIA: 1693 (~399.55 USDT)
[2025-06-13T07:09:27.816Z] KAIA: 4425 (~684.11 USDT)
[2025-06-13T07:09:27.817Z] COW: 1151 (~390.53 USDT)
[2025-06-13T07:09:27.817Z] CETUS: 3805 (~374.79 USDT)
[2025-06-13T07:09:27.817Z] PNUT: 1877 (~413.69 USDT)
[2025-06-13T07:09:27.819Z] ACT: 9723 (~451.15 USDT)
[2025-06-13T07:09:27.819Z] USUAL: 4700 (~454.02 USDT)
[2025-06-13T07:09:27.820Z] THE: 1974 (~454.22 USDT)
[2025-06-13T07:09:27.820Z] ACX: 2536 (~400.18 USDT)
[2025-06-13T07:09:27.821Z] ORCA: 187 (~394.76 USDT)
[2025-06-13T07:09:27.821Z] MOVE: 3344 (~501.27 USDT)
[2025-06-13T07:09:27.822Z] ME: 491 (~391.82 USDT)
[2025-06-13T07:09:27.822Z] VELODROME: 9525 (~463.87 USDT)
[2025-06-13T07:09:27.823Z] VANA: 71 (~373.18 USDT)
[2025-06-13T07:09:27.824Z] 1000CAT: 18446 (~110.49 USDT)
[2025-06-13T07:09:27.824Z] PENGU: 18446 (~172.10 USDT)
[2025-06-13T07:09:27.825Z] BIO: 7470 (~397.40 USDT)
[2025-06-13T07:09:27.825Z] D: 14436 (~450.69 USDT)
[2025-06-13T07:09:27.825Z] AIXBT: 2794 (~445.36 USDT)
[2025-06-13T07:09:27.826Z] CGPT: 4381 (~392.54 USDT)
[2025-06-13T07:09:27.827Z] COOKIE: 2223 (~433.04 USDT)
[2025-06-13T07:09:27.828Z] S: 1230 (~390.65 USDT)
[2025-06-13T07:09:27.829Z] SOLV: 11345 (~525.39 USDT)
[2025-06-13T07:09:27.830Z] TRUMP: 44 (~435.16 USDT)
[2025-06-13T07:09:27.831Z] ANIME: 15063 (~355.64 USDT)
[2025-06-13T07:09:27.832Z] BERA: 200 (~399.80 USDT)
[2025-06-13T07:09:27.832Z] 1000CHEEMS: 18446 (~26.23 USDT)
[2025-06-13T07:09:27.833Z] TST: 12394 (~526.75 USDT)
[2025-06-13T07:09:27.833Z] LAYER: 624 (~428.25 USDT)
[2025-06-13T07:09:27.834Z] HEI: 1563 (~480.00 USDT)
[2025-06-13T07:09:27.834Z] KAITO: 290 (~400.32 USDT)
[2025-06-13T07:09:27.836Z] SHELL: 2841 (~392.06 USDT)
[2025-06-13T07:09:27.836Z] RED: 1439 (~423.07 USDT)
[2025-06-13T07:09:27.837Z] GPS: 18446 (~422.41 USDT)
[2025-06-13T07:09:27.837Z] EPIC: 418 (~433.05 USDT)
[2025-06-13T07:09:27.838Z] BMT: 4318 (~396.39 USDT)
[2025-06-13T07:09:27.838Z] FORM: 173 (~475.51 USDT)
[2025-06-13T07:09:27.838Z] XUSD: 500 (~499.70 USDT)
[2025-06-13T07:09:27.839Z] NIL: 1147 (~381.38 USDT)
[2025-06-13T07:09:27.839Z] PARTI: 2068 (~459.92 USDT)
[2025-06-13T07:09:27.840Z] MUBARAK: 11804 (~373.01 USDT)
[2025-06-13T07:09:27.840Z] TUT: 17423 (~496.03 USDT)
[2025-06-13T07:09:27.841Z] BROCCOLI714: 18446 (~400.65 USDT)
[2025-06-13T07:09:27.841Z] BANANAS31: 18446 (~109.88 USDT)
[2025-06-13T07:09:27.842Z] GUN: 13448 (~356.64 USDT)
[2025-06-13T07:09:27.842Z] BABY: 7438 (~405.82 USDT)
[2025-06-13T07:09:27.842Z] ONDO: 588 (~456.99 USDT)
[2025-06-13T07:09:27.843Z] BIGTIME: 7772 (~421.16 USDT)
[2025-06-13T07:09:27.843Z] VIRTUAL: 259 (~475.39 USDT)
[2025-06-13T07:09:27.845Z] KERNEL: 3165 (~354.80 USDT)
[2025-06-13T07:09:27.846Z] WCT: 1018 (~409.54 USDT)
[2025-06-13T07:09:27.847Z] HYPER: 3500 (~364.70 USDT)
[2025-06-13T07:09:27.848Z] INIT: 697 (~333.31 USDT)
[2025-06-13T07:09:27.848Z] SIGN: 6417 (~410.50 USDT)
[2025-06-13T07:09:27.849Z] STO: 5146 (~377.72 USDT)
[2025-06-13T07:09:27.850Z] SYRUP: 1208 (~588.42 USDT)
[2025-06-13T07:09:27.850Z] KMNO: 8950 (~520.00 USDT)
[2025-06-13T07:09:27.851Z] SXT: 4938 (~377.26 USDT)
[2025-06-13T07:09:27.851Z] NXPC: 349 (~532.85 USDT)
[2025-06-13T07:09:27.852Z] AWE: 7604 (~382.71 USDT)
[2025-06-13T07:09:27.853Z] HAEDAL: 3842 (~385.35 USDT)
[2025-06-13T07:09:27.853Z] USD1: 500 (~499.95 USDT)
[2025-06-13T07:09:27.853Z] HUMA: 12763 (~494.06 USDT)
[2025-06-13T07:09:27.854Z] A: 782 (~411.88 USDT)
[2025-06-13T07:09:27.854Z] SOPH: 8842 (~389.67 USDT)
[2025-06-13T07:09:27.855Z] Total equivalent USDT: 417384.60
[2025-06-13T07:09:34.692Z] Run #2
[2025-06-13T07:09:34.693Z] Placing grid orders...
[2025-06-13T07:09:34.937Z] BUY 3835250@100000 x0.00249
[2025-06-13T07:09:35.153Z] SELL 3835251@101227.22 x0.00249
[2025-06-13T07:09:35.265Z] BUY 3835252@101227.22 x0.00246
[2025-06-13T07:09:35.477Z] SELL 3835253@102469.51 x0.00246
[2025-06-13T07:09:35.592Z] BUY 3835254@102469.51 x0.00243
[2025-06-13T07:09:35.807Z] SELL 3835256@103727.04 x0.00243
[2025-06-13T07:09:36.020Z] BUY 3835257@103727.04 x0.00241
[2025-06-13T07:09:36.135Z] SELL 3835258@105000 x0.00241
[2025-06-13T07:09:36.931Z] All open orders cancelled
[2025-06-13T07:09:36.932Z] ===== REPORT =====
[2025-06-13T07:09:36.933Z] Invested: $1000
[2025-06-13T07:09:36.934Z] Bought: $0, Sold: $0, Fees: $0
[2025-06-13T07:09:36.935Z] Profit: $0.00 (0.00%)
[2025-06-13T07:09:36.936Z] Open orders: 24, Trades: 0
[2025-06-13T07:09:37.190Z] === Asset Summary ===
[2025-06-13T07:09:37.191Z] ETH: 1 (~2522.84 USDT)
[2025-06-13T07:09:37.192Z] BTC: 0.72754 (~76079.27 USDT)
[2025-06-13T07:09:37.194Z] LTC: 5 (~418.05 USDT)
[2025-06-13T07:09:37.194Z] BNB: 1 (~652.18 USDT)
[2025-06-13T07:09:37.195Z] TRX: 1837 (~502.24 USDT)
[2025-06-13T07:09:37.196Z] XRP: 221 (~467.28 USDT)
[2025-06-13T07:09:37.197Z] NEO: 81 (~447.12 USDT)
[2025-06-13T07:09:37.198Z] QTUM: 240 (~481.68 USDT)
[2025-06-13T07:09:37.198Z] GAS: 165 (~459.52 USDT)
[2025-06-13T07:09:37.199Z] LRC: 5714 (~434.84 USDT)
[2025-06-13T07:09:37.200Z] ZRX: 2034 (~454.80 USDT)
[2025-06-13T07:09:37.200Z] KNC: 1491 (~472.95 USDT)
[2025-06-13T07:09:37.201Z] IOTA: 2673 (~446.93 USDT)
[2025-06-13T07:09:37.202Z] LINK: 35 (~462.35 USDT)
[2025-06-13T07:09:37.203Z] XVG: 18446 (~94.46 USDT)
[2025-06-13T07:09:37.204Z] MTL: 655 (~456.54 USDT)
[2025-06-13T07:09:37.205Z] ETC: 28 (~456.96 USDT)
[2025-06-13T07:09:37.205Z] ZEC: 9 (~414.63 USDT)
[2025-06-13T07:09:37.206Z] DASH: 22 (~440.66 USDT)
[2025-06-13T07:09:37.206Z] REQ: 3566 (~482.84 USDT)
[2025-06-13T07:09:37.207Z] POWR: 2988 (~456.57 USDT)
[2025-06-13T07:09:37.207Z] ENJ: 6595 (~434.61 USDT)
[2025-06-13T07:09:37.208Z] STORJ: 1834 (~449.15 USDT)
[2025-06-13T07:09:37.208Z] KMD: 4236 (~358.79 USDT)
[2025-06-13T07:09:37.209Z] BAT: 3695 (~456.33 USDT)
[2025-06-13T07:09:37.210Z] LSK: 1103 (~435.69 USDT)
[2025-06-13T07:09:37.211Z] MANA: 1768 (~459.33 USDT)
[2025-06-13T07:09:37.211Z] ADX: 5002 (~426.67 USDT)
[2025-06-13T07:09:37.212Z] ADA: 717 (~453.36 USDT)
[2025-06-13T07:09:37.212Z] XLM: 1822 (~468.98 USDT)
[2025-06-13T07:09:37.213Z] ICX: 3327 (~470.44 USDT)
[2025-06-13T07:09:37.214Z] RLC: 489 (~463.57 USDT)
[2025-06-13T07:09:37.215Z] PIVX: 3604 (~448.70 USDT)
[2025-06-13T07:09:37.215Z] STEEM: 3579 (~444.15 USDT)
[2025-06-13T07:09:37.216Z] ZIL: 18446 (~199.22 USDT)
[2025-06-13T07:09:37.216Z] ONT: 3625 (~451.68 USDT)
[2025-06-13T07:09:37.217Z] WAN: 4206 (~455.93 USDT)
[2025-06-13T07:09:37.217Z] SYS: 11709 (~418.01 USDT)
[2025-06-13T07:09:37.218Z] TUSD: 10000 (~9880.00 USDT)
[2025-06-13T07:09:37.218Z] ZEN: 44 (~385.00 USDT)
[2025-06-13T07:09:37.218Z] THETA: 637 (~440.80 USDT)
[2025-06-13T07:09:37.219Z] IOTX: 18446 (~387.37 USDT)
[2025-06-13T07:09:37.219Z] DATA: 18446 (~232.79 USDT)
[2025-06-13T07:09:37.219Z] SC: 18446 (~56.33 USDT)
[2025-06-13T07:09:37.220Z] DENT: 18446 (~11.47 USDT)
[2025-06-13T07:09:37.220Z] ARDR: 5742 (~480.61 USDT)
[2025-06-13T07:09:37.220Z] HOT: 18446 (~16.34 USDT)
[2025-06-13T07:09:37.221Z] VET: 18446 (~408.21 USDT)
[2025-06-13T07:09:37.221Z] RVN: 18446 (~353.98 USDT)
[2025-06-13T07:09:37.221Z] USDC: 10000 (~9992.00 USDT)
[2025-06-13T07:09:37.222Z] ONG: 2673 (~452.54 USDT)
[2025-06-13T07:09:37.222Z] FET: 607 (~396.37 USDT)
[2025-06-13T07:09:37.223Z] IOST: 18446 (~65.70 USDT)
[2025-06-13T07:09:37.223Z] CELR: 18446 (~138.53 USDT)
[2025-06-13T07:09:37.224Z] ATOM: 113 (~458.67 USDT)
[2025-06-13T07:09:37.224Z] PHB: 965 (~423.63 USDT)
[2025-06-13T07:09:37.225Z] TFUEL: 13837 (~448.60 USDT)
[2025-06-13T07:09:37.225Z] ONE: 18446 (~188.52 USDT)
[2025-06-13T07:09:37.225Z] ALGO: 2527 (~444.50 USDT)
[2025-06-13T07:09:37.226Z] DOGE: 2559 (~443.94 USDT)
[2025-06-13T07:09:37.227Z] DUSK: 7142 (~364.24 USDT)
[2025-06-13T07:09:37.228Z] ANKR: 18446 (~277.24 USDT)
[2025-06-13T07:09:37.229Z] WIN: 18446 (~0.92 USDT)
[2025-06-13T07:09:37.230Z] COS: 18446 (~53.36 USDT)
[2025-06-13T07:09:37.230Z] FUN: 18446 (~70.28 USDT)
[2025-06-13T07:09:37.231Z] CVC: 3965 (~367.95 USDT)
[2025-06-13T07:09:37.231Z] CHZ: 12533 (~450.69 USDT)
[2025-06-13T07:09:37.232Z] BAND: 728 (~440.44 USDT)
[2025-06-13T07:09:37.233Z] XTZ: 852 (~471.33 USDT)
[2025-06-13T07:09:37.233Z] HBAR: 2910 (~449.10 USDT)
[2025-06-13T07:09:37.234Z] NKN: 16667 (~408.34 USDT)
[2025-06-13T07:09:37.234Z] STX: 645 (~396.68 USDT)
[2025-06-13T07:09:37.234Z] KAVA: 1116 (~468.05 USDT)
[2025-06-13T07:09:37.235Z] ARPA: 18446 (~348.08 USDT)
[2025-06-13T07:09:37.235Z] BCH: 1 (~416.20 USDT)
[2025-06-13T07:09:37.235Z] FTT: 473 (~418.37 USDT)
[2025-06-13T07:09:37.236Z] EUR: 439 (~506.56 USDT)
[2025-06-13T07:09:37.236Z] OGN: 8732 (~441.84 USDT)
[2025-06-13T07:09:37.236Z] BNT: 750 (~447.15 USDT)
[2025-06-13T07:09:37.237Z] LTO: 14327 (~406.89 USDT)
[2025-06-13T07:09:37.237Z] MBL: 18446 (~40.27 USDT)
[2025-06-13T07:09:37.237Z] COTI: 8396 (~421.14 USDT)
[2025-06-13T07:09:37.238Z] SOL: 3 (~433.74 USDT)
[2025-06-13T07:09:37.238Z] CTSI: 7638 (~437.66 USDT)
[2025-06-13T07:09:37.239Z] HIVE: 2045 (~431.50 USDT)
[2025-06-13T07:09:37.239Z] CHR: 5719 (~439.79 USDT)
[2025-06-13T07:09:37.240Z] MDT: 18446 (~300.30 USDT)
[2025-06-13T07:09:37.240Z] COMP: 10 (~523.10 USDT)
[2025-06-13T07:09:37.240Z] SXP: 2720 (~455.87 USDT)
[2025-06-13T07:09:37.241Z] SNX: 723 (~435.97 USDT)
[2025-06-13T07:09:37.241Z] VTHO: 18446 (~35.88 USDT)
[2025-06-13T07:09:37.241Z] DGB: 18446 (~147.57 USDT)
[2025-06-13T07:09:37.241Z] MKR: 1 (~1891.00 USDT)
[2025-06-13T07:09:37.242Z] RUNE: 301 (~450.30 USDT)
[2025-06-13T07:09:37.242Z] DCR: 33 (~473.88 USDT)
[2025-06-13T07:09:37.242Z] FIO: 18446 (~257.51 USDT)
[2025-06-13T07:09:37.243Z] AVA: 879 (~465.43 USDT)
[2025-06-13T07:09:37.243Z] YFI: 1 (~5074.00 USDT)
[2025-06-13T07:09:37.244Z] JST: 15217 (~496.07 USDT)
[2025-06-13T07:09:37.244Z] CRV: 726 (~428.70 USDT)
[2025-06-13T07:09:37.245Z] SAND: 1775 (~459.73 USDT)
[2025-06-13T07:09:37.245Z] NMR: 61 (~454.45 USDT)
[2025-06-13T07:09:37.246Z] DOT: 120 (~457.08 USDT)
[2025-06-13T07:09:37.246Z] LUNA: 2862 (~445.90 USDT)
[2025-06-13T07:09:37.247Z] RSR: 18446 (~113.48 USDT)
[2025-06-13T07:09:37.247Z] PAXG: 1 (~3443.80 USDT)
[2025-06-13T07:09:37.248Z] TRB: 9 (~365.85 USDT)
[2025-06-13T07:09:37.249Z] WBTC: 1 (~104538.56 USDT)
[2025-06-13T07:09:37.250Z] SUSHI: 720 (~442.08 USDT)
[2025-06-13T07:09:37.251Z] KSM: 29 (~423.40 USDT)
[2025-06-13T07:09:37.251Z] EGLD: 31 (~421.29 USDT)
[2025-06-13T07:09:37.252Z] DIA: 1174 (~461.85 USDT)
[2025-06-13T07:09:37.252Z] UMA: 430 (~541.80 USDT)
[2025-06-13T07:09:37.252Z] BEL: 1710 (~433.14 USDT)
[2025-06-13T07:09:37.253Z] UNI: 73 (~538.67 USDT)
[2025-06-13T07:09:37.253Z] OXT: 8850 (~486.75 USDT)
[2025-06-13T07:09:37.254Z] SUN: 18446 (~337.38 USDT)
[2025-06-13T07:09:37.254Z] AVAX: 23 (~437.23 USDT)
[2025-06-13T07:09:37.255Z] FLM: 14332 (~471.52 USDT)
[2025-06-13T07:09:37.255Z] SCRT: 2768 (~447.03 USDT)
[2025-06-13T07:09:37.255Z] CAKE: 205 (~497.94 USDT)
[2025-06-13T07:09:37.256Z] UTK: 16742 (~442.66 USDT)
[2025-06-13T07:09:37.256Z] XVS: 81 (~482.76 USDT)
[2025-06-13T07:09:37.257Z] ALPHA: 18446 (~387.37 USDT)
[2025-06-13T07:09:37.257Z] AAVE: 1 (~279.14 USDT)
[2025-06-13T07:09:37.257Z] NEAR: 197 (~438.52 USDT)
[2025-06-13T07:09:37.259Z] FIL: 190 (~452.58 USDT)
[2025-06-13T07:09:37.259Z] INJ: 38 (~434.34 USDT)
[2025-06-13T07:09:37.260Z] AUDIO: 7171 (~433.85 USDT)
[2025-06-13T07:09:37.261Z] CTK: 1557 (~387.85 USDT)
[2025-06-13T07:09:37.261Z] AXS: 198 (~456.39 USDT)
[2025-06-13T07:09:37.262Z] SLP: 18446 (~23.91 USDT)
[2025-06-13T07:09:37.263Z] STRAX: 10751 (~450.90 USDT)
[2025-06-13T07:09:37.264Z] ROSE: 16895 (~425.59 USDT)
[2025-06-13T07:09:37.264Z] SKL: 18446 (~346.60 USDT)
[2025-06-13T07:09:37.265Z] GLM: 2070 (~460.16 USDT)
[2025-06-13T07:09:37.266Z] GRT: 5117 (~436.48 USDT)
[2025-06-13T07:09:37.267Z] JUV: 472 (~503.62 USDT)
[2025-06-13T07:09:37.268Z] PSG: 249 (~448.20 USDT)
[2025-06-13T07:09:37.268Z] 1INCH: 2289 (~432.62 USDT)
[2025-06-13T07:09:37.268Z] OG: 111 (~460.87 USDT)
[2025-06-13T07:09:37.269Z] ATM: 452 (~523.42 USDT)
[2025-06-13T07:09:37.270Z] ASR: 240 (~508.80 USDT)
[2025-06-13T07:09:37.270Z] CELO: 1491 (~421.36 USDT)
[2025-06-13T07:09:37.271Z] RIF: 9708 (~486.37 USDT)
[2025-06-13T07:09:37.271Z] TRU: 13368 (~431.79 USDT)
[2025-06-13T07:09:37.271Z] CKB: 18446 (~67.07 USDT)
[2025-06-13T07:09:37.272Z] TWT: 606 (~467.04 USDT)
[2025-06-13T07:09:37.272Z] SFP: 1021 (~463.23 USDT)
[2025-06-13T07:09:37.273Z] DODO: 11213 (~444.03 USDT)
[2025-06-13T07:09:37.273Z] ACM: 589 (~499.47 USDT)
[2025-06-13T07:09:37.274Z] AUCTION: 46 (~426.42 USDT)
[2025-06-13T07:09:37.274Z] PHA: 3646 (~391.94 USDT)
[2025-06-13T07:09:37.275Z] FIS: 3242 (~324.85 USDT)
[2025-06-13T07:09:37.276Z] OM: 1533 (~384.94 USDT)
[2025-06-13T07:09:37.276Z] POND: 18446 (~155.87 USDT)
[2025-06-13T07:09:37.277Z] DEGO: 354 (~373.12 USDT)
[2025-06-13T07:09:37.278Z] ALICE: 1175 (~470.59 USDT)
[2025-06-13T07:09:37.278Z] PERP: 1994 (~449.45 USDT)
[2025-06-13T07:09:37.279Z] SUPER: 740 (~454.73 USDT)
[2025-06-13T07:09:37.279Z] CFX: 6440 (~468.83 USDT)
[2025-06-13T07:09:37.280Z] TKO: 3393 (~444.48 USDT)
[2025-06-13T07:09:37.280Z] PUNDIX: 1512 (~435.00 USDT)
[2025-06-13T07:09:37.281Z] TLM: 18446 (~78.58 USDT)
[2025-06-13T07:09:37.282Z] BAR: 372 (~462.40 USDT)
[2025-06-13T07:09:37.282Z] FORTH: 209 (~509.12 USDT)
[2025-06-13T07:09:37.283Z] BAKE: 4359 (~435.90 USDT)
[2025-06-13T07:09:37.284Z] SHIB: 18446 (~0.24 USDT)
[2025-06-13T07:09:37.284Z] ICP: 92 (~501.86 USDT)
[2025-06-13T07:09:37.284Z] AR: 74 (~449.18 USDT)
[2025-06-13T07:09:37.286Z] MASK: 172 (~243.21 USDT)
[2025-06-13T07:09:37.286Z] LPT: 65 (~451.81 USDT)
[2025-06-13T07:09:37.287Z] ATA: 10603 (~435.78 USDT)
[2025-06-13T07:09:37.287Z] GTC: 1846 (~437.50 USDT)
[2025-06-13T07:09:37.287Z] MLN: 61 (~466.04 USDT)
[2025-06-13T07:09:37.288Z] DEXE: 51 (~449.97 USDT)
[2025-06-13T07:09:37.288Z] C98: 9420 (~431.44 USDT)
[2025-06-13T07:09:37.289Z] QNT: 4 (~419.92 USDT)
[2025-06-13T07:09:37.290Z] FLOW: 1331 (~459.19 USDT)
[2025-06-13T07:09:37.290Z] MINA: 2327 (~417.46 USDT)
[2025-06-13T07:09:37.291Z] RAY: 208 (~432.22 USDT)
[2025-06-13T07:09:37.292Z] FARM: 16 (~441.76 USDT)
[2025-06-13T07:09:37.292Z] QUICK: 18446 (~445.29 USDT)
[2025-06-13T07:09:37.293Z] MBOX: 9259 (~425.91 USDT)
[2025-06-13T07:09:37.294Z] GHST: 1222 (~448.47 USDT)
[2025-06-13T07:09:37.295Z] WAXP: 18446 (~376.30 USDT)
[2025-06-13T07:09:37.295Z] GNO: 3 (~336.60 USDT)
[2025-06-13T07:09:37.296Z] XEC: 18446 (~0.37 USDT)
[2025-06-13T07:09:37.297Z] DYDX: 875 (~441.35 USDT)
[2025-06-13T07:09:37.297Z] IDEX: 18446 (~378.70 USDT)
[2025-06-13T07:09:37.297Z] USDP: 500 (~499.90 USDT)
[2025-06-13T07:09:37.298Z] GALA: 18446 (~272.08 USDT)
[2025-06-13T07:09:37.299Z] ILV: 38 (~439.28 USDT)
[2025-06-13T07:09:37.301Z] YGG: 2626 (~428.83 USDT)
[2025-06-13T07:09:37.301Z] DF: 10482 (~429.76 USDT)
[2025-06-13T07:09:37.302Z] FIDA: 7092 (~441.83 USDT)
[2025-06-13T07:09:37.302Z] AGLD: 581 (~418.32 USDT)
[2025-06-13T07:09:37.303Z] RAD: 713 (~472.72 USDT)
[2025-06-13T07:09:37.303Z] RARE: 8431 (~433.35 USDT)
[2025-06-13T07:09:37.304Z] SSV: 46 (~418.60 USDT)
[2025-06-13T07:09:37.304Z] LAZIO: 558 (~457.56 USDT)
[2025-06-13T07:09:37.305Z] CHESS: 7585 (~517.30 USDT)
[2025-06-13T07:09:37.305Z] MOVR: 77 (~448.29 USDT)
[2025-06-13T07:09:37.306Z] CITY: 479 (~489.06 USDT)
[2025-06-13T07:09:37.306Z] ENS: 22 (~441.98 USDT)
[2025-06-13T07:09:37.307Z] QI: 18446 (~133.73 USDT)
[2025-06-13T07:09:37.307Z] PORTO: 541 (~449.57 USDT)
[2025-06-13T07:09:37.308Z] JASMY: 18446 (~237.22 USDT)
[2025-06-13T07:09:37.308Z] AMP: 18446 (~66.35 USDT)
[2025-06-13T07:09:37.308Z] PYR: 489 (~467.97 USDT)
[2025-06-13T07:09:37.309Z] ALCX: 49 (~402.78 USDT)
[2025-06-13T07:09:37.309Z] SANTOS: 216 (~463.32 USDT)
[2025-06-13T07:09:37.310Z] BICO: 4737 (~423.49 USDT)
[2025-06-13T07:09:37.311Z] FLUX: 2149 (~429.37 USDT)
[2025-06-13T07:09:37.311Z] FXS: 164 (~421.32 USDT)
[2025-06-13T07:09:37.312Z] VOXEL: 8708 (~439.75 USDT)
[2025-06-13T07:09:37.313Z] HIGH: 894 (~451.47 USDT)
[2025-06-13T07:09:37.313Z] CVX: 184 (~477.66 USDT)
[2025-06-13T07:09:37.314Z] PEOPLE: 18446 (~328.15 USDT)
[2025-06-13T07:09:37.315Z] SPELL: 18446 (~8.67 USDT)
[2025-06-13T07:09:37.316Z] JOE: 3001 (~438.75 USDT)
[2025-06-13T07:09:37.317Z] ACH: 18446 (~346.60 USDT)
[2025-06-13T07:09:37.317Z] IMX: 878 (~391.59 USDT)
[2025-06-13T07:09:37.318Z] GLMR: 6272 (~466.01 USDT)
[2025-06-13T07:09:37.318Z] LOKA: 8487 (~421.80 USDT)
[2025-06-13T07:09:37.319Z] API3: 681 (~444.69 USDT)
[2025-06-13T07:09:37.319Z] BTTC: 18446 (~0.01 USDT)
[2025-06-13T07:09:37.319Z] ACA: 17909 (~469.22 USDT)
[2025-06-13T07:09:37.320Z] XNO: 505 (~482.78 USDT)
[2025-06-13T07:09:37.321Z] WOO: 6186 (~432.40 USDT)
[2025-06-13T07:09:37.321Z] ALPINE: 628 (~435.20 USDT)
[2025-06-13T07:09:37.321Z] T: 18446 (~255.85 USDT)
[2025-06-13T07:09:37.322Z] ASTR: 18249 (~452.58 USDT)
[2025-06-13T07:09:37.322Z] GMT: 9577 (~455.87 USDT)
[2025-06-13T07:09:37.323Z] KDA: 1062 (~445.83 USDT)
[2025-06-13T07:09:37.323Z] APE: 656 (~437.81 USDT)
[2025-06-13T07:09:37.324Z] BSW: 18446 (~405.81 USDT)
[2025-06-13T07:09:37.324Z] BIFI: 2 (~303.80 USDT)
[2025-06-13T07:09:37.325Z] NEXO: 400 (~484.00 USDT)
[2025-06-13T07:09:37.325Z] REI: 18446 (~303.44 USDT)
[2025-06-13T07:09:37.325Z] LDO: 581 (~474.10 USDT)
[2025-06-13T07:09:37.326Z] OP: 768 (~447.74 USDT)
[2025-06-13T07:09:37.327Z] LEVER: 18446 (~7.73 USDT)
[2025-06-13T07:09:37.327Z] STG: 2698 (~454.07 USDT)
[2025-06-13T07:09:37.328Z] LUNC: 18446 (~1.03 USDT)
[2025-06-13T07:09:37.329Z] GMX: 31 (~467.17 USDT)
[2025-06-13T07:09:37.329Z] POLYX: 3440 (~446.86 USDT)
[2025-06-13T07:09:37.330Z] APT: 101 (~447.03 USDT)
[2025-06-13T07:09:37.331Z] OSMO: 2347 (~408.61 USDT)
[2025-06-13T07:09:37.332Z] HFT: 8183 (~427.97 USDT)
[2025-06-13T07:09:37.332Z] HOOK: 4186 (~415.25 USDT)
[2025-06-13T07:09:37.333Z] MAGIC: 3656 (~405.08 USDT)
[2025-06-13T07:09:37.333Z] HIFI: 5701 (~377.98 USDT)
[2025-06-13T07:09:37.334Z] RPL: 83 (~488.87 USDT)
[2025-06-13T07:09:37.334Z] GNS: 421 (~478.68 USDT)
[2025-06-13T07:09:37.335Z] SYN: 3002 (~419.38 USDT)
[2025-06-13T07:09:37.335Z] LQTY: 489 (~445.97 USDT)
[2025-06-13T07:09:37.336Z] USTC: 18446 (~205.49 USDT)
[2025-06-13T07:09:37.336Z] PROM: 93 (~495.60 USDT)
[2025-06-13T07:09:37.337Z] QKC: 18446 (~121.47 USDT)
[2025-06-13T07:09:37.337Z] ID: 2688 (~435.46 USDT)
[2025-06-13T07:09:37.338Z] ARB: 1376 (~465.36 USDT)
[2025-06-13T07:09:37.338Z] RDNT: 18446 (~392.16 USDT)
[2025-06-13T07:09:37.339Z] EDU: 3487 (~481.90 USDT)
[2025-06-13T07:09:37.339Z] SUI: 155 (~464.66 USDT)
[2025-06-13T07:09:37.340Z] PEPE: 18446 (~0.26 USDT)
[2025-06-13T07:09:37.340Z] FLOKI: 18446 (~1.40 USDT)
[2025-06-13T07:09:37.341Z] WBETH: 1 (~2704.83 USDT)
[2025-06-13T07:09:37.341Z] MAV: 8783 (~424.39 USDT)
[2025-06-13T07:09:37.341Z] PENDLE: 115 (~420.56 USDT)
[2025-06-13T07:09:37.342Z] ARKM: 915 (~419.07 USDT)
[2025-06-13T07:09:37.343Z] WLD: 428 (~411.74 USDT)
[2025-06-13T07:09:37.343Z] FDUSD: 10000 (~9978.00 USDT)
[2025-06-13T07:09:37.344Z] SEI: 2508 (~438.65 USDT)
[2025-06-13T07:09:37.345Z] CYBER: 408 (~502.25 USDT)
[2025-06-13T07:09:37.345Z] ARK: 1314 (~462.00 USDT)
[2025-06-13T07:09:37.346Z] IQ: 18446 (~67.07 USDT)
[2025-06-13T07:09:37.347Z] NTRN: 4837 (~447.91 USDT)
[2025-06-13T07:09:37.348Z] TIA: 225 (~405.23 USDT)
[2025-06-13T07:09:37.349Z] MEME: 18446 (~28.74 USDT)
[2025-06-13T07:09:37.350Z] ORDI: 56 (~421.46 USDT)
[2025-06-13T07:09:37.350Z] BEAMX: 18446 (~104.77 USDT)
[2025-06-13T07:09:37.351Z] VIC: 2673 (~414.31 USDT)
[2025-06-13T07:09:37.352Z] BLUR: 5347 (~424.55 USDT)
[2025-06-13T07:09:37.353Z] VANRY: 14577 (~425.65 USDT)
[2025-06-13T07:09:37.353Z] AEUR: 490 (~495.88 USDT)
[2025-06-13T07:09:37.354Z] JTO: 269 (~506.53 USDT)
[2025-06-13T07:09:37.355Z] 1000SATS: 18446 (~0.72 USDT)
[2025-06-13T07:09:37.356Z] BONK: 18446 (~0.26 USDT)
[2025-06-13T07:09:37.356Z] ACE: 853 (~447.82 USDT)
[2025-06-13T07:09:37.357Z] NFP: 6832 (~414.02 USDT)
[2025-06-13T07:09:37.358Z] AI: 3428 (~410.33 USDT)
[2025-06-13T07:09:37.358Z] XAI: 7194 (~402.86 USDT)
[2025-06-13T07:09:37.359Z] MANTA: 1986 (~401.17 USDT)
[2025-06-13T07:09:37.359Z] ALT: 17905 (~430.79 USDT)
[2025-06-13T07:09:37.360Z] JUP: 919 (~367.69 USDT)
[2025-06-13T07:09:37.361Z] PYTH: 4128 (~435.92 USDT)
[2025-06-13T07:09:37.362Z] RONIN: 840 (~423.36 USDT)
[2025-06-13T07:09:37.362Z] DYM: 1689 (~427.32 USDT)
[2025-06-13T07:09:37.363Z] PIXEL: 10801 (~400.93 USDT)
[2025-06-13T07:09:37.364Z] STRK: 3615 (~431.63 USDT)
[2025-06-13T07:09:37.365Z] PORTAL: 10499 (~373.76 USDT)
[2025-06-13T07:09:37.367Z] AXL: 1516 (~632.48 USDT)
[2025-06-13T07:09:37.367Z] WIF: 518 (~423.72 USDT)
[2025-06-13T07:09:37.368Z] METIS: 27 (~428.22 USDT)
[2025-06-13T07:09:37.369Z] AEVO: 4845 (~412.31 USDT)
[2025-06-13T07:09:37.369Z] BOME: 18446 (~28.83 USDT)
[2025-06-13T07:09:37.369Z] ETHFI: 412 (~443.31 USDT)
[2025-06-13T07:09:37.370Z] ENA: 1490 (~434.78 USDT)
[2025-06-13T07:09:37.370Z] W: 6127 (~400.09 USDT)
[2025-06-13T07:09:37.371Z] TNSR: 3728 (~408.22 USDT)
[2025-06-13T07:09:37.371Z] SAGA: 1652 (~403.75 USDT)
[2025-06-13T07:09:37.372Z] TAO: 1 (~364.90 USDT)
[2025-06-13T07:09:37.373Z] OMNI: 220 (~415.80 USDT)
[2025-06-13T07:09:37.373Z] REZ: 18446 (~167.49 USDT)
[2025-06-13T07:09:37.374Z] BB: 4183 (~393.20 USDT)
[2025-06-13T07:09:37.374Z] NOT: 18446 (~36.98 USDT)
[2025-06-13T07:09:37.375Z] IO: 607 (~407.30 USDT)
[2025-06-13T07:09:37.375Z] ZK: 8484 (~412.32 USDT)
[2025-06-13T07:09:37.376Z] LISTA: 2073 (~432.84 USDT)
[2025-06-13T07:09:37.377Z] ZRO: 216 (~414.07 USDT)
[2025-06-13T07:09:37.377Z] G: 18446 (~223.38 USDT)
[2025-06-13T07:09:37.378Z] BANANA: 22 (~410.08 USDT)
[2025-06-13T07:09:37.379Z] RENDER: 126 (~427.27 USDT)
[2025-06-13T07:09:37.380Z] TON: 156 (~464.41 USDT)
[2025-06-13T07:09:37.380Z] DOGS: 18446 (~2.35 USDT)
[2025-06-13T07:09:37.381Z] EURI: 439 (~506.34 USDT)
[2025-06-13T07:09:37.383Z] SLF: 3172 (~416.17 USDT)
[2025-06-13T07:09:37.384Z] POL: 2301 (~460.66 USDT)
[2025-06-13T07:09:37.384Z] NEIRO: 18446 (~7.23 USDT)
[2025-06-13T07:09:37.385Z] TURBO: 18446 (~65.59 USDT)
[2025-06-13T07:09:37.385Z] 1MBABYDOGE: 18446 (~22.99 USDT)
[2025-06-13T07:09:37.386Z] CATI: 5269 (~421.52 USDT)
[2025-06-13T07:09:37.386Z] HMSTR: 18446 (~16.62 USDT)
[2025-06-13T07:09:37.387Z] EIGEN: 328 (~424.10 USDT)
[2025-06-13T07:09:37.387Z] BNSOL: 3 (~457.80 USDT)
[2025-06-13T07:09:37.388Z] SCR: 1666 (~446.49 USDT)
[2025-06-13T07:09:37.389Z] LUMIA: 1693 (~399.55 USDT)
[2025-06-13T07:09:37.389Z] KAIA: 4425 (~684.11 USDT)
[2025-06-13T07:09:37.390Z] COW: 1151 (~390.65 USDT)
[2025-06-13T07:09:37.390Z] CETUS: 3805 (~374.79 USDT)
[2025-06-13T07:09:37.391Z] PNUT: 1877 (~412.94 USDT)
[2025-06-13T07:09:37.391Z] ACT: 9723 (~450.17 USDT)
[2025-06-13T07:09:37.392Z] USUAL: 4700 (~454.02 USDT)
[2025-06-13T07:09:37.392Z] THE: 1974 (~454.22 USDT)
[2025-06-13T07:09:37.393Z] ACX: 2536 (~400.18 USDT)
[2025-06-13T07:09:37.394Z] ORCA: 187 (~394.76 USDT)
[2025-06-13T07:09:37.395Z] MOVE: 3344 (~501.27 USDT)
[2025-06-13T07:09:37.396Z] ME: 491 (~391.82 USDT)
[2025-06-13T07:09:37.397Z] VELODROME: 9525 (~463.87 USDT)
[2025-06-13T07:09:37.398Z] VANA: 71 (~373.53 USDT)
[2025-06-13T07:09:37.399Z] 1000CAT: 18446 (~110.49 USDT)
[2025-06-13T07:09:37.400Z] PENGU: 18446 (~172.08 USDT)
[2025-06-13T07:09:37.401Z] BIO: 7470 (~397.40 USDT)
[2025-06-13T07:09:37.401Z] D: 14436 (~450.69 USDT)
[2025-06-13T07:09:37.402Z] AIXBT: 2794 (~445.64 USDT)
[2025-06-13T07:09:37.402Z] CGPT: 4381 (~392.54 USDT)
[2025-06-13T07:09:37.403Z] COOKIE: 2223 (~433.26 USDT)
[2025-06-13T07:09:37.403Z] S: 1230 (~390.65 USDT)
[2025-06-13T07:09:37.404Z] SOLV: 11345 (~525.39 USDT)
[2025-06-13T07:09:37.405Z] TRUMP: 44 (~435.60 USDT)
[2025-06-13T07:09:37.405Z] ANIME: 15063 (~355.64 USDT)
[2025-06-13T07:09:37.406Z] BERA: 200 (~400.00 USDT)
[2025-06-13T07:09:37.406Z] 1000CHEEMS: 18446 (~26.23 USDT)
[2025-06-13T07:09:37.407Z] TST: 12394 (~526.87 USDT)
[2025-06-13T07:09:37.408Z] LAYER: 624 (~428.38 USDT)
[2025-06-13T07:09:37.409Z] HEI: 1563 (~480.00 USDT)
[2025-06-13T07:09:37.409Z] KAITO: 290 (~400.46 USDT)
[2025-06-13T07:09:37.410Z] SHELL: 2841 (~392.34 USDT)
[2025-06-13T07:09:37.411Z] RED: 1439 (~423.07 USDT)
[2025-06-13T07:09:37.412Z] GPS: 18446 (~422.41 USDT)
[2025-06-13T07:09:37.413Z] EPIC: 418 (~433.05 USDT)
[2025-06-13T07:09:37.413Z] BMT: 4318 (~396.39 USDT)
[2025-06-13T07:09:37.414Z] FORM: 173 (~475.51 USDT)
[2025-06-13T07:09:37.415Z] XUSD: 500 (~499.70 USDT)
[2025-06-13T07:09:37.417Z] NIL: 1147 (~381.38 USDT)
[2025-06-13T07:09:37.418Z] PARTI: 2068 (~459.92 USDT)
[2025-06-13T07:09:37.418Z] MUBARAK: 11804 (~373.01 USDT)
[2025-06-13T07:09:37.419Z] TUT: 17423 (~496.03 USDT)
[2025-06-13T07:09:37.420Z] BROCCOLI714: 18446 (~400.65 USDT)
[2025-06-13T07:09:37.421Z] BANANAS31: 18446 (~109.86 USDT)
[2025-06-13T07:09:37.422Z] GUN: 13448 (~356.64 USDT)
[2025-06-13T07:09:37.423Z] BABY: 7438 (~405.82 USDT)
[2025-06-13T07:09:37.423Z] ONDO: 588 (~456.99 USDT)
[2025-06-13T07:09:37.424Z] BIGTIME: 7772 (~421.16 USDT)
[2025-06-13T07:09:37.425Z] VIRTUAL: 259 (~475.39 USDT)
[2025-06-13T07:09:37.426Z] KERNEL: 3165 (~355.43 USDT)
[2025-06-13T07:09:37.427Z] WCT: 1018 (~409.54 USDT)
[2025-06-13T07:09:37.429Z] HYPER: 3500 (~364.70 USDT)
[2025-06-13T07:09:37.430Z] INIT: 697 (~334.77 USDT)
[2025-06-13T07:09:37.432Z] SIGN: 6417 (~410.43 USDT)
[2025-06-13T07:09:37.433Z] STO: 5146 (~377.72 USDT)
[2025-06-13T07:09:37.433Z] SYRUP: 1208 (~588.90 USDT)
[2025-06-13T07:09:37.434Z] KMNO: 8950 (~521.25 USDT)
[2025-06-13T07:09:37.435Z] SXT: 4938 (~377.26 USDT)
[2025-06-13T07:09:37.435Z] NXPC: 349 (~533.24 USDT)
[2025-06-13T07:09:37.436Z] AWE: 7604 (~382.71 USDT)
[2025-06-13T07:09:37.436Z] HAEDAL: 3842 (~384.97 USDT)
[2025-06-13T07:09:37.437Z] USD1: 500 (~499.95 USDT)
[2025-06-13T07:09:37.437Z] HUMA: 12763 (~493.93 USDT)
[2025-06-13T07:09:37.438Z] A: 782 (~411.88 USDT)
[2025-06-13T07:09:37.438Z] SOPH: 8842 (~389.67 USDT)
[2025-06-13T07:09:37.439Z] Total equivalent USDT: 417405.48
[2025-06-13T07:09:44.703Z] Run #3
[2025-06-13T07:09:44.704Z] Placing grid orders...
[2025-06-13T07:09:44.958Z] BUY 3835304@100000 x0.00249
[2025-06-13T07:09:45.048Z] SELL 3835305@101227.22 x0.00249
[2025-06-13T07:09:45.140Z] BUY 3835307@101227.22 x0.00246
[2025-06-13T07:09:45.229Z] SELL 3835308@102469.51 x0.00246
[2025-06-13T07:09:45.319Z] BUY 3835309@102469.51 x0.00243
[2025-06-13T07:09:45.406Z] SELL 3835310@103727.04 x0.00243
[2025-06-13T07:09:45.592Z] BUY 3835311@103727.04 x0.00241
[2025-06-13T07:09:45.778Z] SELL 3835312@105000 x0.00241
[2025-06-13T07:09:46.393Z] All open orders cancelled
[2025-06-13T07:09:46.394Z] ===== REPORT =====
[2025-06-13T07:09:46.395Z] Invested: $1000
[2025-06-13T07:09:46.395Z] Bought: $0, Sold: $0, Fees: $0
[2025-06-13T07:09:46.396Z] Profit: $0.00 (0.00%)
[2025-06-13T07:09:46.396Z] Open orders: 32, Trades: 0
[2025-06-13T07:09:46.397Z] Grid disabled
[2025-06-13T07:09:46.595Z] === Asset Summary ===
[2025-06-13T07:09:46.596Z] ETH: 1 (~2522.80 USDT)
[2025-06-13T07:09:46.598Z] BTC: 0.72016 (~75255.27 USDT)
[2025-06-13T07:09:46.599Z] LTC: 5 (~418.05 USDT)
[2025-06-13T07:09:46.600Z] BNB: 1 (~652.15 USDT)
[2025-06-13T07:09:46.600Z] TRX: 1837 (~502.24 USDT)
[2025-06-13T07:09:46.601Z] XRP: 221 (~467.35 USDT)
[2025-06-13T07:09:46.602Z] NEO: 81 (~447.12 USDT)
[2025-06-13T07:09:46.604Z] QTUM: 240 (~481.68 USDT)
[2025-06-13T07:09:46.605Z] GAS: 165 (~459.52 USDT)
[2025-06-13T07:09:46.607Z] LRC: 5714 (~435.41 USDT)
[2025-06-13T07:09:46.608Z] ZRX: 2034 (~454.80 USDT)
[2025-06-13T07:09:46.610Z] KNC: 1491 (~472.95 USDT)
[2025-06-13T07:09:46.611Z] IOTA: 2673 (~446.93 USDT)
[2025-06-13T07:09:46.612Z] LINK: 35 (~462.35 USDT)
[2025-06-13T07:09:46.613Z] XVG: 18446 (~94.46 USDT)
[2025-06-13T07:09:46.614Z] MTL: 655 (~456.54 USDT)
[2025-06-13T07:09:46.615Z] ETC: 28 (~456.96 USDT)
[2025-06-13T07:09:46.616Z] ZEC: 9 (~414.63 USDT)
[2025-06-13T07:09:46.617Z] DASH: 22 (~440.66 USDT)
[2025-06-13T07:09:46.617Z] REQ: 3566 (~482.84 USDT)
[2025-06-13T07:09:46.618Z] POWR: 2988 (~456.57 USDT)
[2025-06-13T07:09:46.618Z] ENJ: 6595 (~434.61 USDT)
[2025-06-13T07:09:46.618Z] STORJ: 1834 (~448.96 USDT)
[2025-06-13T07:09:46.619Z] KMD: 4236 (~358.79 USDT)
[2025-06-13T07:09:46.619Z] BAT: 3695 (~456.33 USDT)
[2025-06-13T07:09:46.619Z] LSK: 1103 (~435.69 USDT)
[2025-06-13T07:09:46.620Z] MANA: 1768 (~459.33 USDT)
[2025-06-13T07:09:46.621Z] ADX: 5002 (~426.67 USDT)
[2025-06-13T07:09:46.621Z] ADA: 717 (~453.43 USDT)
[2025-06-13T07:09:46.621Z] XLM: 1822 (~468.98 USDT)
[2025-06-13T07:09:46.622Z] ICX: 3327 (~470.44 USDT)
[2025-06-13T07:09:46.622Z] RLC: 489 (~463.57 USDT)
[2025-06-13T07:09:46.622Z] PIVX: 3604 (~448.70 USDT)
[2025-06-13T07:09:46.623Z] STEEM: 3579 (~444.15 USDT)
[2025-06-13T07:09:46.623Z] ZIL: 18446 (~199.22 USDT)
[2025-06-13T07:09:46.623Z] ONT: 3625 (~451.68 USDT)
[2025-06-13T07:09:46.624Z] WAN: 4206 (~455.93 USDT)
[2025-06-13T07:09:46.624Z] SYS: 11709 (~418.01 USDT)
[2025-06-13T07:09:46.624Z] TUSD: 10000 (~9879.00 USDT)
[2025-06-13T07:09:46.625Z] ZEN: 44 (~385.00 USDT)
[2025-06-13T07:09:46.626Z] THETA: 637 (~440.80 USDT)
[2025-06-13T07:09:46.626Z] IOTX: 18446 (~387.37 USDT)
[2025-06-13T07:09:46.627Z] DATA: 18446 (~232.79 USDT)
[2025-06-13T07:09:46.628Z] SC: 18446 (~56.33 USDT)
[2025-06-13T07:09:46.629Z] DENT: 18446 (~11.47 USDT)
[2025-06-13T07:09:46.629Z] ARDR: 5742 (~481.18 USDT)
[2025-06-13T07:09:46.630Z] HOT: 18446 (~16.32 USDT)
[2025-06-13T07:09:46.631Z] VET: 18446 (~408.21 USDT)
[2025-06-13T07:09:46.631Z] RVN: 18446 (~353.98 USDT)
[2025-06-13T07:09:46.632Z] USDC: 10000 (~9994.00 USDT)
[2025-06-13T07:09:46.632Z] ONG: 2673 (~452.54 USDT)
[2025-06-13T07:09:46.633Z] FET: 607 (~396.37 USDT)
[2025-06-13T07:09:46.633Z] IOST: 18446 (~65.72 USDT)
[2025-06-13T07:09:46.634Z] CELR: 18446 (~138.53 USDT)
[2025-06-13T07:09:46.634Z] ATOM: 113 (~458.67 USDT)
[2025-06-13T07:09:46.634Z] PHB: 965 (~423.63 USDT)
[2025-06-13T07:09:46.635Z] TFUEL: 13837 (~448.60 USDT)
[2025-06-13T07:09:46.635Z] ONE: 18446 (~188.52 USDT)
[2025-06-13T07:09:46.635Z] ALGO: 2527 (~444.50 USDT)
[2025-06-13T07:09:46.636Z] DOGE: 2559 (~443.94 USDT)
[2025-06-13T07:09:46.637Z] DUSK: 7142 (~364.24 USDT)
[2025-06-13T07:09:46.637Z] ANKR: 18446 (~277.24 USDT)
[2025-06-13T07:09:46.637Z] WIN: 18446 (~0.92 USDT)
[2025-06-13T07:09:46.638Z] COS: 18446 (~53.35 USDT)
[2025-06-13T07:09:46.638Z] FUN: 18446 (~70.22 USDT)
[2025-06-13T07:09:46.638Z] CVC: 3965 (~367.95 USDT)
[2025-06-13T07:09:46.639Z] CHZ: 12533 (~450.69 USDT)
[2025-06-13T07:09:46.639Z] BAND: 728 (~440.44 USDT)
[2025-06-13T07:09:46.639Z] XTZ: 852 (~470.99 USDT)
[2025-06-13T07:09:46.640Z] HBAR: 2910 (~449.01 USDT)
[2025-06-13T07:09:46.640Z] NKN: 16667 (~408.34 USDT)
[2025-06-13T07:09:46.640Z] STX: 645 (~396.03 USDT)
[2025-06-13T07:09:46.641Z] KAVA: 1116 (~468.05 USDT)
[2025-06-13T07:09:46.642Z] ARPA: 18446 (~347.89 USDT)
[2025-06-13T07:09:46.642Z] BCH: 1 (~416.10 USDT)
[2025-06-13T07:09:46.643Z] FTT: 473 (~418.37 USDT)
[2025-06-13T07:09:46.643Z] EUR: 439 (~506.61 USDT)
[2025-06-13T07:09:46.644Z] OGN: 8732 (~441.84 USDT)
[2025-06-13T07:09:46.645Z] BNT: 750 (~447.15 USDT)
[2025-06-13T07:09:46.646Z] LTO: 14327 (~406.89 USDT)
[2025-06-13T07:09:46.646Z] MBL: 18446 (~40.27 USDT)
[2025-06-13T07:09:46.647Z] COTI: 8396 (~421.14 USDT)
[2025-06-13T07:09:46.648Z] SOL: 3 (~433.77 USDT)
[2025-06-13T07:09:46.649Z] CTSI: 7638 (~437.66 USDT)
[2025-06-13T07:09:46.649Z] HIVE: 2045 (~431.50 USDT)
[2025-06-13T07:09:46.650Z] CHR: 5719 (~439.79 USDT)
[2025-06-13T07:09:46.650Z] MDT: 18446 (~300.30 USDT)
[2025-06-13T07:09:46.651Z] COMP: 10 (~523.10 USDT)
[2025-06-13T07:09:46.651Z] SXP: 2720 (~455.87 USDT)
[2025-06-13T07:09:46.651Z] SNX: 723 (~435.97 USDT)
[2025-06-13T07:09:46.652Z] VTHO: 18446 (~35.88 USDT)
[2025-06-13T07:09:46.652Z] DGB: 18446 (~147.57 USDT)
[2025-06-13T07:09:46.653Z] MKR: 1 (~1891.00 USDT)
[2025-06-13T07:09:46.653Z] RUNE: 301 (~450.30 USDT)
[2025-06-13T07:09:46.653Z] DCR: 33 (~473.88 USDT)
[2025-06-13T07:09:46.654Z] FIO: 18446 (~257.51 USDT)
[2025-06-13T07:09:46.654Z] AVA: 879 (~465.96 USDT)
[2025-06-13T07:09:46.654Z] YFI: 1 (~5072.00 USDT)
[2025-06-13T07:09:46.655Z] JST: 15217 (~496.07 USDT)
[2025-06-13T07:09:46.655Z] CRV: 726 (~428.92 USDT)
[2025-06-13T07:09:46.655Z] SAND: 1775 (~459.73 USDT)
[2025-06-13T07:09:46.656Z] NMR: 61 (~455.06 USDT)
[2025-06-13T07:09:46.656Z] DOT: 120 (~457.32 USDT)
[2025-06-13T07:09:46.657Z] LUNA: 2862 (~445.90 USDT)
[2025-06-13T07:09:46.657Z] RSR: 18446 (~113.52 USDT)
[2025-06-13T07:09:46.657Z] PAXG: 1 (~3443.80 USDT)
[2025-06-13T07:09:46.658Z] TRB: 9 (~365.94 USDT)
[2025-06-13T07:09:46.658Z] WBTC: 1 (~104538.56 USDT)
[2025-06-13T07:09:46.658Z] SUSHI: 720 (~442.08 USDT)
[2025-06-13T07:09:46.659Z] KSM: 29 (~423.40 USDT)
[2025-06-13T07:09:46.660Z] EGLD: 31 (~421.60 USDT)
[2025-06-13T07:09:46.661Z] DIA: 1174 (~461.85 USDT)
[2025-06-13T07:09:46.662Z] UMA: 430 (~541.80 USDT)
[2025-06-13T07:09:46.663Z] BEL: 1710 (~433.14 USDT)
[2025-06-13T07:09:46.664Z] UNI: 73 (~539.18 USDT)
[2025-06-13T07:09:46.665Z] OXT: 8850 (~486.75 USDT)
[2025-06-13T07:09:46.666Z] SUN: 18446 (~337.38 USDT)
[2025-06-13T07:09:46.666Z] AVAX: 23 (~437.46 USDT)
[2025-06-13T07:09:46.667Z] FLM: 14332 (~471.52 USDT)
[2025-06-13T07:09:46.667Z] SCRT: 2768 (~447.03 USDT)
[2025-06-13T07:09:46.668Z] CAKE: 205 (~497.94 USDT)
[2025-06-13T07:09:46.668Z] UTK: 16742 (~442.66 USDT)
[2025-06-13T07:09:46.669Z] XVS: 81 (~482.76 USDT)
[2025-06-13T07:09:46.669Z] ALPHA: 18446 (~387.37 USDT)
[2025-06-13T07:09:46.670Z] AAVE: 1 (~279.35 USDT)
[2025-06-13T07:09:46.671Z] NEAR: 197 (~438.72 USDT)
[2025-06-13T07:09:46.671Z] FIL: 190 (~452.77 USDT)
[2025-06-13T07:09:46.672Z] INJ: 38 (~434.72 USDT)
[2025-06-13T07:09:46.672Z] AUDIO: 7171 (~433.85 USDT)
[2025-06-13T07:09:46.673Z] CTK: 1557 (~387.85 USDT)
[2025-06-13T07:09:46.673Z] AXS: 198 (~456.39 USDT)
[2025-06-13T07:09:46.674Z] SLP: 18446 (~23.91 USDT)
[2025-06-13T07:09:46.674Z] STRAX: 10751 (~450.90 USDT)
[2025-06-13T07:09:46.675Z] ROSE: 16895 (~425.59 USDT)
[2025-06-13T07:09:46.675Z] SKL: 18446 (~346.78 USDT)
[2025-06-13T07:09:46.676Z] GLM: 2070 (~460.16 USDT)
[2025-06-13T07:09:46.677Z] GRT: 5117 (~436.99 USDT)
[2025-06-13T07:09:46.678Z] JUV: 472 (~503.62 USDT)
[2025-06-13T07:09:46.679Z] PSG: 249 (~448.20 USDT)
[2025-06-13T07:09:46.680Z] 1INCH: 2289 (~432.39 USDT)
[2025-06-13T07:09:46.681Z] OG: 111 (~460.87 USDT)
[2025-06-13T07:09:46.681Z] ATM: 452 (~523.42 USDT)
[2025-06-13T07:09:46.682Z] ASR: 240 (~508.80 USDT)
[2025-06-13T07:09:46.683Z] CELO: 1491 (~421.36 USDT)
[2025-06-13T07:09:46.683Z] RIF: 9708 (~486.37 USDT)
[2025-06-13T07:09:46.684Z] TRU: 13368 (~431.79 USDT)
[2025-06-13T07:09:46.684Z] CKB: 18446 (~67.09 USDT)
[2025-06-13T07:09:46.685Z] TWT: 606 (~467.04 USDT)
[2025-06-13T07:09:46.685Z] SFP: 1021 (~463.23 USDT)
[2025-06-13T07:09:46.685Z] DODO: 11213 (~444.03 USDT)
[2025-06-13T07:09:46.686Z] ACM: 589 (~499.47 USDT)
[2025-06-13T07:09:46.687Z] AUCTION: 46 (~426.42 USDT)
[2025-06-13T07:09:46.687Z] PHA: 3646 (~391.94 USDT)
[2025-06-13T07:09:46.687Z] FIS: 3242 (~324.85 USDT)
[2025-06-13T07:09:46.688Z] OM: 1533 (~384.94 USDT)
[2025-06-13T07:09:46.688Z] POND: 18446 (~155.87 USDT)
[2025-06-13T07:09:46.689Z] DEGO: 354 (~373.12 USDT)
[2025-06-13T07:09:46.689Z] ALICE: 1175 (~470.70 USDT)
[2025-06-13T07:09:46.689Z] PERP: 1994 (~449.45 USDT)
[2025-06-13T07:09:46.690Z] SUPER: 740 (~454.73 USDT)
[2025-06-13T07:09:46.690Z] CFX: 6440 (~468.83 USDT)
[2025-06-13T07:09:46.691Z] TKO: 3393 (~444.48 USDT)
[2025-06-13T07:09:46.691Z] PUNDIX: 1512 (~435.00 USDT)
[2025-06-13T07:09:46.691Z] TLM: 18446 (~78.58 USDT)
[2025-06-13T07:09:46.692Z] BAR: 372 (~462.40 USDT)
[2025-06-13T07:09:46.693Z] FORTH: 209 (~509.12 USDT)
[2025-06-13T07:09:46.693Z] BAKE: 4359 (~435.90 USDT)
[2025-06-13T07:09:46.694Z] SHIB: 18446 (~0.24 USDT)
[2025-06-13T07:09:46.695Z] ICP: 92 (~501.40 USDT)
[2025-06-13T07:09:46.695Z] AR: 74 (~449.18 USDT)
[2025-06-13T07:09:46.696Z] MASK: 172 (~243.21 USDT)
[2025-06-13T07:09:46.697Z] LPT: 65 (~451.81 USDT)
[2025-06-13T07:09:46.697Z] ATA: 10603 (~435.78 USDT)
[2025-06-13T07:09:46.698Z] GTC: 1846 (~437.50 USDT)
[2025-06-13T07:09:46.698Z] MLN: 61 (~466.04 USDT)
[2025-06-13T07:09:46.699Z] DEXE: 51 (~449.97 USDT)
[2025-06-13T07:09:46.699Z] C98: 9420 (~431.44 USDT)
[2025-06-13T07:09:46.700Z] QNT: 4 (~419.92 USDT)
[2025-06-13T07:09:46.700Z] FLOW: 1331 (~459.19 USDT)
[2025-06-13T07:09:46.701Z] MINA: 2327 (~417.46 USDT)
[2025-06-13T07:09:46.701Z] RAY: 208 (~432.22 USDT)
[2025-06-13T07:09:46.702Z] FARM: 16 (~441.76 USDT)
[2025-06-13T07:09:46.702Z] QUICK: 18446 (~445.29 USDT)
[2025-06-13T07:09:46.703Z] MBOX: 9259 (~425.91 USDT)
[2025-06-13T07:09:46.703Z] GHST: 1222 (~448.47 USDT)
[2025-06-13T07:09:46.703Z] WAXP: 18446 (~376.30 USDT)
[2025-06-13T07:09:46.704Z] GNO: 3 (~336.60 USDT)
[2025-06-13T07:09:46.704Z] XEC: 18446 (~0.37 USDT)
[2025-06-13T07:09:46.705Z] DYDX: 875 (~441.35 USDT)
[2025-06-13T07:09:46.705Z] IDEX: 18446 (~378.88 USDT)
[2025-06-13T07:09:46.705Z] USDP: 500 (~499.90 USDT)
[2025-06-13T07:09:46.706Z] GALA: 18446 (~272.08 USDT)
[2025-06-13T07:09:46.706Z] ILV: 38 (~439.28 USDT)
[2025-06-13T07:09:46.706Z] YGG: 2626 (~428.83 USDT)
[2025-06-13T07:09:46.707Z] DF: 10482 (~429.76 USDT)
[2025-06-13T07:09:46.707Z] FIDA: 7092 (~441.83 USDT)
[2025-06-13T07:09:46.708Z] AGLD: 581 (~418.32 USDT)
[2025-06-13T07:09:46.708Z] RAD: 713 (~472.72 USDT)
[2025-06-13T07:09:46.709Z] RARE: 8431 (~433.35 USDT)
[2025-06-13T07:09:46.709Z] SSV: 46 (~419.06 USDT)
[2025-06-13T07:09:46.710Z] LAZIO: 558 (~457.56 USDT)
[2025-06-13T07:09:46.711Z] CHESS: 7585 (~517.30 USDT)
[2025-06-13T07:09:46.711Z] MOVR: 77 (~448.29 USDT)
[2025-06-13T07:09:46.712Z] CITY: 479 (~489.06 USDT)
[2025-06-13T07:09:46.713Z] ENS: 22 (~441.98 USDT)
[2025-06-13T07:09:46.714Z] QI: 18446 (~133.73 USDT)
[2025-06-13T07:09:46.714Z] PORTO: 541 (~449.57 USDT)
[2025-06-13T07:09:46.715Z] JASMY: 18446 (~237.22 USDT)
[2025-06-13T07:09:46.715Z] AMP: 18446 (~66.35 USDT)
[2025-06-13T07:09:46.716Z] PYR: 489 (~467.97 USDT)
[2025-06-13T07:09:46.717Z] ALCX: 49 (~402.78 USDT)
[2025-06-13T07:09:46.717Z] SANTOS: 216 (~463.32 USDT)
[2025-06-13T07:09:46.718Z] BICO: 4737 (~423.96 USDT)
[2025-06-13T07:09:46.718Z] FLUX: 2149 (~429.37 USDT)
[2025-06-13T07:09:46.718Z] FXS: 164 (~421.32 USDT)
[2025-06-13T07:09:46.720Z] VOXEL: 8708 (~439.75 USDT)
[2025-06-13T07:09:46.721Z] HIGH: 894 (~451.47 USDT)
[2025-06-13T07:09:46.721Z] CVX: 184 (~477.66 USDT)
[2025-06-13T07:09:46.722Z] PEOPLE: 18446 (~328.34 USDT)
[2025-06-13T07:09:46.723Z] SPELL: 18446 (~8.67 USDT)
[2025-06-13T07:09:46.724Z] JOE: 3001 (~438.75 USDT)
[2025-06-13T07:09:46.724Z] ACH: 18446 (~346.60 USDT)
[2025-06-13T07:09:46.724Z] IMX: 878 (~391.59 USDT)
[2025-06-13T07:09:46.725Z] GLMR: 6272 (~466.01 USDT)
[2025-06-13T07:09:46.725Z] LOKA: 8487 (~421.80 USDT)
[2025-06-13T07:09:46.726Z] API3: 681 (~444.69 USDT)
[2025-06-13T07:09:46.728Z] BTTC: 18446 (~0.01 USDT)
[2025-06-13T07:09:46.728Z] ACA: 17909 (~469.22 USDT)
[2025-06-13T07:09:46.729Z] XNO: 505 (~482.78 USDT)
[2025-06-13T07:09:46.730Z] WOO: 6186 (~433.02 USDT)
[2025-06-13T07:09:46.730Z] ALPINE: 628 (~435.20 USDT)
[2025-06-13T07:09:46.730Z] T: 18446 (~255.85 USDT)
[2025-06-13T07:09:46.731Z] ASTR: 18249 (~452.76 USDT)
[2025-06-13T07:09:46.732Z] GMT: 9577 (~455.87 USDT)
[2025-06-13T07:09:46.732Z] KDA: 1062 (~445.83 USDT)
[2025-06-13T07:09:46.733Z] APE: 656 (~437.95 USDT)
[2025-06-13T07:09:46.733Z] BSW: 18446 (~405.81 USDT)
[2025-06-13T07:09:46.734Z] BIFI: 2 (~303.80 USDT)
[2025-06-13T07:09:46.734Z] NEXO: 400 (~484.00 USDT)
[2025-06-13T07:09:46.734Z] REI: 18446 (~304.36 USDT)
[2025-06-13T07:09:46.735Z] LDO: 581 (~474.10 USDT)
[2025-06-13T07:09:46.735Z] OP: 768 (~447.74 USDT)
[2025-06-13T07:09:46.736Z] LEVER: 18446 (~7.73 USDT)
[2025-06-13T07:09:46.736Z] STG: 2698 (~454.07 USDT)
[2025-06-13T07:09:46.737Z] LUNC: 18446 (~1.03 USDT)
[2025-06-13T07:09:46.737Z] GMX: 31 (~467.17 USDT)
[2025-06-13T07:09:46.738Z] POLYX: 3440 (~446.86 USDT)
[2025-06-13T07:09:46.738Z] APT: 101 (~447.03 USDT)
[2025-06-13T07:09:46.739Z] OSMO: 2347 (~408.61 USDT)
[2025-06-13T07:09:46.739Z] HFT: 8183 (~427.97 USDT)
[2025-06-13T07:09:46.740Z] HOOK: 4186 (~415.25 USDT)
[2025-06-13T07:09:46.740Z] MAGIC: 3656 (~405.08 USDT)
[2025-06-13T07:09:46.741Z] HIFI: 5701 (~377.98 USDT)
[2025-06-13T07:09:46.741Z] RPL: 83 (~488.87 USDT)
[2025-06-13T07:09:46.742Z] GNS: 421 (~478.68 USDT)
[2025-06-13T07:09:46.742Z] SYN: 3002 (~419.38 USDT)
[2025-06-13T07:09:46.744Z] LQTY: 489 (~445.97 USDT)
[2025-06-13T07:09:46.745Z] USTC: 18446 (~205.49 USDT)
[2025-06-13T07:09:46.745Z] PROM: 93 (~495.60 USDT)
[2025-06-13T07:09:46.746Z] QKC: 18446 (~121.47 USDT)
[2025-06-13T07:09:46.747Z] ID: 2688 (~435.46 USDT)
[2025-06-13T07:09:46.748Z] ARB: 1376 (~465.36 USDT)
[2025-06-13T07:09:46.748Z] RDNT: 18446 (~391.98 USDT)
[2025-06-13T07:09:46.749Z] EDU: 3487 (~481.55 USDT)
[2025-06-13T07:09:46.749Z] SUI: 155 (~464.66 USDT)
[2025-06-13T07:09:46.750Z] PEPE: 18446 (~0.26 USDT)
[2025-06-13T07:09:46.750Z] FLOKI: 18446 (~1.40 USDT)
[2025-06-13T07:09:46.751Z] WBETH: 1 (~2704.83 USDT)
[2025-06-13T07:09:46.751Z] MAV: 8783 (~424.13 USDT)
[2025-06-13T07:09:46.751Z] PENDLE: 115 (~420.56 USDT)
[2025-06-13T07:09:46.752Z] ARKM: 915 (~419.07 USDT)
[2025-06-13T07:09:46.752Z] WLD: 428 (~411.74 USDT)
[2025-06-13T07:09:46.753Z] FDUSD: 10000 (~9978.00 USDT)
[2025-06-13T07:09:46.753Z] SEI: 2508 (~438.65 USDT)
[2025-06-13T07:09:46.754Z] CYBER: 408 (~502.25 USDT)
[2025-06-13T07:09:46.754Z] ARK: 1314 (~461.87 USDT)
[2025-06-13T07:09:46.755Z] IQ: 18446 (~67.07 USDT)
[2025-06-13T07:09:46.755Z] NTRN: 4837 (~448.39 USDT)
[2025-06-13T07:09:46.755Z] TIA: 225 (~405.23 USDT)
[2025-06-13T07:09:46.756Z] MEME: 18446 (~28.76 USDT)
[2025-06-13T07:09:46.757Z] ORDI: 56 (~421.57 USDT)
[2025-06-13T07:09:46.757Z] BEAMX: 18446 (~104.77 USDT)
[2025-06-13T07:09:46.757Z] VIC: 2673 (~414.31 USDT)
[2025-06-13T07:09:46.758Z] BLUR: 5347 (~425.62 USDT)
[2025-06-13T07:09:46.758Z] VANRY: 14577 (~425.65 USDT)
[2025-06-13T07:09:46.759Z] AEUR: 490 (~495.88 USDT)
[2025-06-13T07:09:46.759Z] JTO: 269 (~507.06 USDT)
[2025-06-13T07:09:46.760Z] 1000SATS: 18446 (~0.72 USDT)
[2025-06-13T07:09:46.761Z] BONK: 18446 (~0.26 USDT)
[2025-06-13T07:09:46.762Z] ACE: 853 (~447.82 USDT)
[2025-06-13T07:09:46.763Z] NFP: 6832 (~415.39 USDT)
[2025-06-13T07:09:46.764Z] AI: 3428 (~410.67 USDT)
[2025-06-13T07:09:46.764Z] XAI: 7194 (~402.86 USDT)
[2025-06-13T07:09:46.764Z] MANTA: 1986 (~401.17 USDT)
[2025-06-13T07:09:46.765Z] ALT: 17905 (~430.97 USDT)
[2025-06-13T07:09:46.766Z] JUP: 919 (~367.69 USDT)
[2025-06-13T07:09:46.766Z] PYTH: 4128 (~435.92 USDT)
[2025-06-13T07:09:46.766Z] RONIN: 840 (~423.36 USDT)
[2025-06-13T07:09:46.767Z] DYM: 1689 (~427.32 USDT)
[2025-06-13T07:09:46.767Z] PIXEL: 10801 (~400.93 USDT)
[2025-06-13T07:09:46.768Z] STRK: 3615 (~431.63 USDT)
[2025-06-13T07:09:46.769Z] PORTAL: 10499 (~373.76 USDT)
[2025-06-13T07:09:46.769Z] AXL: 1516 (~632.48 USDT)
[2025-06-13T07:09:46.769Z] WIF: 518 (~423.72 USDT)
[2025-06-13T07:09:46.770Z] METIS: 27 (~428.22 USDT)
[2025-06-13T07:09:46.771Z] AEVO: 4845 (~411.82 USDT)
[2025-06-13T07:09:46.771Z] BOME: 18446 (~28.83 USDT)
[2025-06-13T07:09:46.771Z] ETHFI: 412 (~443.31 USDT)
[2025-06-13T07:09:46.772Z] ENA: 1490 (~434.48 USDT)
[2025-06-13T07:09:46.772Z] W: 6127 (~400.09 USDT)
[2025-06-13T07:09:46.772Z] TNSR: 3728 (~408.22 USDT)
[2025-06-13T07:09:46.773Z] SAGA: 1652 (~403.75 USDT)
[2025-06-13T07:09:46.773Z] TAO: 1 (~364.90 USDT)
[2025-06-13T07:09:46.774Z] OMNI: 220 (~415.80 USDT)
[2025-06-13T07:09:46.774Z] REZ: 18446 (~167.49 USDT)
[2025-06-13T07:09:46.775Z] BB: 4183 (~393.20 USDT)
[2025-06-13T07:09:46.775Z] NOT: 18446 (~36.98 USDT)
[2025-06-13T07:09:46.776Z] IO: 607 (~407.30 USDT)
[2025-06-13T07:09:46.777Z] ZK: 8484 (~412.32 USDT)
[2025-06-13T07:09:46.778Z] LISTA: 2073 (~432.84 USDT)
[2025-06-13T07:09:46.779Z] ZRO: 216 (~414.07 USDT)
[2025-06-13T07:09:46.780Z] G: 18446 (~223.38 USDT)
[2025-06-13T07:09:46.781Z] BANANA: 22 (~410.08 USDT)
[2025-06-13T07:09:46.781Z] RENDER: 126 (~427.27 USDT)
[2025-06-13T07:09:46.782Z] TON: 156 (~464.41 USDT)
[2025-06-13T07:09:46.782Z] DOGS: 18446 (~2.35 USDT)
[2025-06-13T07:09:46.782Z] EURI: 439 (~506.34 USDT)
[2025-06-13T07:09:46.783Z] SLF: 3172 (~416.17 USDT)
[2025-06-13T07:09:46.783Z] POL: 2301 (~460.66 USDT)
[2025-06-13T07:09:46.784Z] NEIRO: 18446 (~7.23 USDT)
[2025-06-13T07:09:46.784Z] TURBO: 18446 (~65.59 USDT)
[2025-06-13T07:09:46.785Z] 1MBABYDOGE: 18446 (~22.99 USDT)
[2025-06-13T07:09:46.785Z] CATI: 5269 (~421.52 USDT)
[2025-06-13T07:09:46.786Z] HMSTR: 18446 (~16.62 USDT)
[2025-06-13T07:09:46.786Z] EIGEN: 328 (~423.78 USDT)
[2025-06-13T07:09:46.786Z] BNSOL: 3 (~457.80 USDT)
[2025-06-13T07:09:46.787Z] SCR: 1666 (~446.49 USDT)
[2025-06-13T07:09:46.787Z] LUMIA: 1693 (~399.55 USDT)
[2025-06-13T07:09:46.787Z] KAIA: 4425 (~684.11 USDT)
[2025-06-13T07:09:46.788Z] COW: 1151 (~390.65 USDT)
[2025-06-13T07:09:46.788Z] CETUS: 3805 (~374.79 USDT)
[2025-06-13T07:09:46.788Z] PNUT: 1877 (~412.94 USDT)
[2025-06-13T07:09:46.789Z] ACT: 9723 (~450.17 USDT)
[2025-06-13T07:09:46.789Z] USUAL: 4700 (~454.02 USDT)
[2025-06-13T07:09:46.790Z] THE: 1974 (~454.22 USDT)
[2025-06-13T07:09:46.790Z] ACX: 2536 (~399.93 USDT)
[2025-06-13T07:09:46.791Z] ORCA: 187 (~394.76 USDT)
[2025-06-13T07:09:46.791Z] MOVE: 3344 (~500.26 USDT)
[2025-06-13T07:09:46.792Z] ME: 491 (~391.82 USDT)
[2025-06-13T07:09:46.792Z] VELODROME: 9525 (~463.87 USDT)
[2025-06-13T07:09:46.793Z] VANA: 71 (~373.53 USDT)
[2025-06-13T07:09:46.794Z] 1000CAT: 18446 (~110.49 USDT)
[2025-06-13T07:09:46.796Z] PENGU: 18446 (~172.08 USDT)
[2025-06-13T07:09:46.797Z] BIO: 7470 (~397.40 USDT)
[2025-06-13T07:09:46.797Z] D: 14436 (~450.69 USDT)
[2025-06-13T07:09:46.798Z] AIXBT: 2794 (~445.92 USDT)
[2025-06-13T07:09:46.798Z] CGPT: 4381 (~392.54 USDT)
[2025-06-13T07:09:46.799Z] COOKIE: 2223 (~433.26 USDT)
[2025-06-13T07:09:46.800Z] S: 1230 (~390.65 USDT)
[2025-06-13T07:09:46.800Z] SOLV: 11345 (~525.39 USDT)
[2025-06-13T07:09:46.801Z] TRUMP: 44 (~435.60 USDT)
[2025-06-13T07:09:46.801Z] ANIME: 15063 (~355.64 USDT)
[2025-06-13T07:09:46.802Z] BERA: 200 (~400.80 USDT)
[2025-06-13T07:09:46.802Z] 1000CHEEMS: 18446 (~26.23 USDT)
[2025-06-13T07:09:46.802Z] TST: 12394 (~526.87 USDT)
[2025-06-13T07:09:46.803Z] LAYER: 624 (~428.38 USDT)
[2025-06-13T07:09:46.803Z] HEI: 1563 (~480.00 USDT)
[2025-06-13T07:09:46.804Z] KAITO: 290 (~400.61 USDT)
[2025-06-13T07:09:46.804Z] SHELL: 2841 (~392.34 USDT)
[2025-06-13T07:09:46.805Z] RED: 1439 (~423.50 USDT)
[2025-06-13T07:09:46.805Z] GPS: 18446 (~422.41 USDT)
[2025-06-13T07:09:46.806Z] EPIC: 418 (~433.47 USDT)
[2025-06-13T07:09:46.806Z] BMT: 4318 (~396.82 USDT)
[2025-06-13T07:09:46.807Z] FORM: 173 (~475.51 USDT)
[2025-06-13T07:09:46.807Z] XUSD: 500 (~499.70 USDT)
[2025-06-13T07:09:46.807Z] NIL: 1147 (~381.61 USDT)
[2025-06-13T07:09:46.808Z] PARTI: 2068 (~459.92 USDT)
[2025-06-13T07:09:46.808Z] MUBARAK: 11804 (~373.01 USDT)
[2025-06-13T07:09:46.809Z] TUT: 17423 (~496.03 USDT)
[2025-06-13T07:09:46.809Z] BROCCOLI714: 18446 (~401.02 USDT)
[2025-06-13T07:09:46.809Z] BANANAS31: 18446 (~109.86 USDT)
[2025-06-13T07:09:46.811Z] GUN: 13448 (~356.64 USDT)
[2025-06-13T07:09:46.812Z] BABY: 7438 (~405.74 USDT)
[2025-06-13T07:09:46.812Z] ONDO: 588 (~456.70 USDT)
[2025-06-13T07:09:46.813Z] BIGTIME: 7772 (~421.24 USDT)
[2025-06-13T07:09:46.813Z] VIRTUAL: 259 (~475.39 USDT)
[2025-06-13T07:09:46.814Z] KERNEL: 3165 (~355.43 USDT)
[2025-06-13T07:09:46.814Z] WCT: 1018 (~409.54 USDT)
[2025-06-13T07:09:46.815Z] HYPER: 3500 (~364.70 USDT)
[2025-06-13T07:09:46.815Z] INIT: 697 (~334.77 USDT)
[2025-06-13T07:09:46.816Z] SIGN: 6417 (~410.43 USDT)
[2025-06-13T07:09:46.816Z] STO: 5146 (~377.72 USDT)
[2025-06-13T07:09:46.817Z] SYRUP: 1208 (~588.90 USDT)
[2025-06-13T07:09:46.817Z] KMNO: 8950 (~521.25 USDT)
[2025-06-13T07:09:46.818Z] SXT: 4938 (~377.26 USDT)
[2025-06-13T07:09:46.818Z] NXPC: 349 (~533.24 USDT)
[2025-06-13T07:09:46.819Z] AWE: 7604 (~382.71 USDT)
[2025-06-13T07:09:46.819Z] HAEDAL: 3842 (~384.97 USDT)
[2025-06-13T07:09:46.820Z] USD1: 500 (~499.95 USDT)
[2025-06-13T07:09:46.821Z] HUMA: 12763 (~493.93 USDT)
[2025-06-13T07:09:46.821Z] A: 782 (~411.88 USDT)
[2025-06-13T07:09:46.821Z] SOPH: 8842 (~389.40 USDT)
[2025-06-13T07:09:46.822Z] Total equivalent USDT: 417361.77
