[2025-06-12T08:20:23.400Z] Loaded filters: stepSize=0.00001, minQty=0.00001, minNotional=0
[2025-06-12T08:20:23.403Z] Placing grid orders...
[2025-06-12T08:20:23.682Z] BUY placed: 3503539 @100353 x0.00249
[2025-06-12T08:20:23.784Z] SELL placed: 3503541 @102733.22 x0.00249
[2025-06-12T08:20:24.060Z] BUY placed: 3503542 @102733.22 x0.00243
[2025-06-12T08:20:24.161Z] SELL placed: 3503543 @105169.9 x0.00243
[2025-06-12T08:20:24.436Z] BUY placed: 3503544 @105169.9 x0.00237
[2025-06-12T08:20:24.540Z] SELL placed: 3503545 @107664.37 x0.00237
[2025-06-12T08:20:24.821Z] BUY placed: 3503546 @107664.37 x0.00232
[2025-06-12T08:20:25.111Z] SELL placed: 3503547 @110218 x0.00232
[2025-06-12T08:20:35.117Z] Placing grid orders...
[2025-06-12T08:20:35.412Z] BUY placed: 3503602 @100353 x0.00249
[2025-06-12T08:20:35.690Z] SELL placed: 3503603 @102733.22 x0.00249
[2025-06-12T08:20:35.967Z] BUY placed: 3503605 @102733.22 x0.00243
[2025-06-12T08:20:36.238Z] SELL placed: 3503606 @105169.9 x0.00243
[2025-06-12T08:20:36.340Z] BUY placed: 3503607 @105169.9 x0.00237
[2025-06-12T08:20:36.617Z] SELL placed: 3503608 @107664.37 x0.00237
[2025-06-12T08:20:36.720Z] BUY placed: 3503609 @107664.37 x0.00232
[2025-06-12T08:20:36.999Z] SELL placed: 3503610 @110218 x0.00232
[2025-06-12T08:20:38.890Z] ===== REPORT =====
[2025-06-12T08:20:38.891Z] Invested: $1000
[2025-06-12T08:20:38.892Z] Bought: $0, Sold: $0, Fees: $0
[2025-06-12T08:20:38.893Z] Profit: $0.00 (0.00%)
[2025-06-12T08:20:38.894Z] Open orders: 16, Trades: 0
[2025-06-12T08:20:45.119Z] Placing grid orders...
[2025-06-12T08:20:45.427Z] BUY placed: 3503672 @100353 x0.00249
[2025-06-12T08:20:45.703Z] SELL placed: 3503674 @102733.22 x0.00249
[2025-06-12T08:20:45.807Z] BUY placed: 3503675 @102733.22 x0.00243
[2025-06-12T08:20:46.082Z] SELL placed: 3503676 @105169.9 x0.00243
[2025-06-12T08:20:46.182Z] BUY placed: 3503677 @105169.9 x0.00237
[2025-06-12T08:20:46.455Z] SELL placed: 3503678 @107664.37 x0.00237
[2025-06-12T08:20:46.555Z] BUY placed: 3503679 @107664.37 x0.00232
[2025-06-12T08:20:46.663Z] SELL placed: 3503680 @110218 x0.00232
[2025-06-12T08:20:47.805Z] ===== REPORT =====
[2025-06-12T08:20:47.806Z] Invested: $1000
[2025-06-12T08:20:47.807Z] Bought: $0, Sold: $0, Fees: $0
[2025-06-12T08:20:47.808Z] Profit: $0.00 (0.00%)
[2025-06-12T08:20:47.809Z] Open orders: 24, Trades: 0
[2025-06-12T08:20:55.123Z] Placing grid orders...
[2025-06-12T08:20:55.426Z] BUY placed: 3503709 @100353 x0.00249
[2025-06-12T08:20:55.701Z] SELL placed: 3503711 @102733.22 x0.00249
[2025-06-12T08:20:56.017Z] BUY placed: 3503712 @102733.22 x0.00243
[2025-06-12T08:20:56.116Z] SELL placed: 3503713 @105169.9 x0.00243
[2025-06-12T08:20:56.401Z] BUY placed: 3503714 @105169.9 x0.00237
[2025-06-12T08:20:56.674Z] SELL placed: 3503723 @107664.37 x0.00237
[2025-06-12T08:20:56.951Z] BUY placed: 3503730 @107664.37 x0.00232
[2025-06-12T08:20:57.048Z] SELL placed: 3503731 @110218 x0.00232
[2025-06-12T08:20:58.325Z] ===== REPORT =====
[2025-06-12T08:20:58.326Z] Invested: $1000
[2025-06-12T08:20:58.327Z] Bought: $0, Sold: $0, Fees: $0
[2025-06-12T08:20:58.327Z] Profit: $0.00 (0.00%)
[2025-06-12T08:20:58.328Z] Open orders: 32, Trades: 0
[2025-06-12T08:21:05.123Z] Placing grid orders...
[2025-06-12T08:21:05.410Z] BUY placed: 3503821 @100353 x0.00249
[2025-06-12T08:21:05.686Z] SELL placed: 3503822 @102733.22 x0.00249
[2025-06-12T08:21:05.964Z] BUY placed: 3503824 @102733.22 x0.00243
[2025-06-12T08:21:06.239Z] SELL placed: 3503825 @105169.9 x0.00243
[2025-06-12T08:21:06.342Z] BUY placed: 3503827 @105169.9 x0.00237
[2025-06-12T08:21:06.615Z] SELL placed: 3503833 @107664.37 x0.00237
[2025-06-12T08:21:06.890Z] BUY placed: 3503834 @107664.37 x0.00232
[2025-06-12T08:21:06.989Z] SELL placed: 3503835 @110218 x0.00232
[2025-06-12T08:21:08.127Z] ===== REPORT =====
[2025-06-12T08:21:08.127Z] Invested: $1000
[2025-06-12T08:21:08.128Z] Bought: $0, Sold: $0, Fees: $0
[2025-06-12T08:21:08.128Z] Profit: $0.00 (0.00%)
[2025-06-12T08:21:08.129Z] Open orders: 40, Trades: 0
[2025-06-12T08:21:15.127Z] Placing grid orders...
[2025-06-12T08:21:15.427Z] BUY placed: 3503891 @100353 x0.00249
[2025-06-12T08:21:15.715Z] SELL placed: 3503893 @102733.22 x0.00249
[2025-06-12T08:21:16.000Z] BUY placed: 3503894 @102733.22 x0.00243
[2025-06-12T08:21:16.282Z] SELL placed: 3503895 @105169.9 x0.00243
[2025-06-12T08:21:16.561Z] BUY placed: 3503896 @105169.9 x0.00237
[2025-06-12T08:21:16.836Z] SELL placed: 3503897 @107664.37 x0.00237
[2025-06-12T08:21:17.113Z] BUY placed: 3503898 @107664.37 x0.00232
[2025-06-12T08:21:17.212Z] SELL placed: 3503899 @110218 x0.00232
[2025-06-12T08:21:17.989Z] ===== REPORT =====
[2025-06-12T08:21:17.990Z] Invested: $1000
[2025-06-12T08:21:17.991Z] Bought: $0, Sold: $0, Fees: $0
[2025-06-12T08:21:17.992Z] Profit: $0.00 (0.00%)
[2025-06-12T08:21:17.993Z] Open orders: 48, Trades: 0
[2025-06-12T08:21:25.129Z] Placing grid orders...
[2025-06-12T08:21:25.492Z] BUY placed: 3503937 @100353 x0.00249
[2025-06-12T08:21:25.763Z] SELL placed: 3503939 @102733.22 x0.00249
[2025-06-12T08:21:26.040Z] BUY placed: 3503940 @102733.22 x0.00243
[2025-06-12T08:21:26.315Z] SELL placed: 3503941 @105169.9 x0.00243
[2025-06-12T08:21:26.593Z] BUY placed: 3503942 @105169.9 x0.00237
[2025-06-12T08:21:26.870Z] SELL placed: 3503943 @107664.37 x0.00237
[2025-06-12T08:21:26.970Z] BUY placed: 3503944 @107664.37 x0.00232
[2025-06-12T08:21:27.069Z] SELL placed: 3503945 @110218 x0.00232
[2025-06-12T08:21:28.182Z] ===== REPORT =====
[2025-06-12T08:21:28.184Z] Invested: $1000
[2025-06-12T08:21:28.185Z] Bought: $0, Sold: $0, Fees: $0
[2025-06-12T08:21:28.186Z] Profit: $0.00 (0.00%)
[2025-06-12T08:21:28.187Z] Open orders: 56, Trades: 0
[2025-06-12T08:21:35.142Z] Placing grid orders...
[2025-06-12T08:21:35.435Z] BUY placed: 3503988 @100353 x0.00249
[2025-06-12T08:21:35.718Z] SELL placed: 3503991 @102733.22 x0.00249
[2025-06-12T08:21:35.995Z] BUY placed: 3503992 @102733.22 x0.00243
[2025-06-12T08:21:36.274Z] SELL placed: 3503993 @105169.9 x0.00243
[2025-06-12T08:21:36.553Z] BUY placed: 3503994 @105169.9 x0.00237
[2025-06-12T08:21:36.829Z] SELL placed: 3503995 @107664.37 x0.00237
[2025-06-12T08:21:36.929Z] BUY placed: 3503996 @107664.37 x0.00232
[2025-06-12T08:21:37.200Z] SELL placed: 3503997 @110218 x0.00232
[2025-06-12T08:21:38.149Z] ===== REPORT =====
[2025-06-12T08:21:38.151Z] Invested: $1000
[2025-06-12T08:21:38.152Z] Bought: $0, Sold: $0, Fees: $0
[2025-06-12T08:21:38.153Z] Profit: $0.00 (0.00%)
[2025-06-12T08:21:38.154Z] Open orders: 64, Trades: 0
[2025-06-12T08:21:45.146Z] Placing grid orders...
[2025-06-12T08:21:45.429Z] BUY placed: 3504002 @100353 x0.00249
[2025-06-12T08:21:45.706Z] SELL placed: 3504004 @102733.22 x0.00249
[2025-06-12T08:21:45.805Z] BUY placed: 3504005 @102733.22 x0.00243
[2025-06-12T08:21:46.081Z] SELL placed: 3504006 @105169.9 x0.00243
[2025-06-12T08:21:46.179Z] BUY placed: 3504007 @105169.9 x0.00237
[2025-06-12T08:21:46.457Z] SELL placed: 3504008 @107664.37 x0.00237
[2025-06-12T08:21:46.555Z] BUY placed: 3504009 @107664.37 x0.00232
[2025-06-12T08:21:46.835Z] SELL placed: 3504010 @110218 x0.00232
[2025-06-12T08:21:48.315Z] ===== REPORT =====
[2025-06-12T08:21:48.316Z] Invested: $1000
[2025-06-12T08:21:48.317Z] Bought: $0, Sold: $0, Fees: $0
[2025-06-12T08:21:48.318Z] Profit: $0.00 (0.00%)
[2025-06-12T08:21:48.319Z] Open orders: 72, Trades: 0
[2025-06-12T08:21:55.162Z] Placing grid orders...
[2025-06-12T08:21:55.455Z] BUY placed: 3504031 @100353 x0.00249
[2025-06-12T08:21:55.734Z] SELL placed: 3504033 @102733.22 x0.00249
[2025-06-12T08:21:56.006Z] BUY placed: 3504034 @102733.22 x0.00243
[2025-06-12T08:21:56.105Z] SELL placed: 3504035 @105169.9 x0.00243
[2025-06-12T08:21:56.386Z] BUY placed: 3504043 @105169.9 x0.00237
[2025-06-12T08:21:56.664Z] SELL placed: 3504052 @107664.37 x0.00237
[2025-06-12T08:21:56.764Z] BUY placed: 3504056 @107664.37 x0.00232
[2025-06-12T08:21:57.038Z] SELL placed: 3504057 @110218 x0.00232
[2025-06-12T08:21:58.495Z] ===== REPORT =====
[2025-06-12T08:21:58.496Z] Invested: $1000
[2025-06-12T08:21:58.497Z] Bought: $0, Sold: $0, Fees: $0
[2025-06-12T08:21:58.498Z] Profit: $0.00 (0.00%)
[2025-06-12T08:21:58.499Z] Open orders: 80, Trades: 0
[2025-06-12T08:22:05.173Z] Placing grid orders...
[2025-06-12T08:22:05.464Z] BUY placed: 3504147 @100353 x0.00249
[2025-06-12T08:22:05.740Z] SELL placed: 3504149 @102733.22 x0.00249
[2025-06-12T08:22:06.014Z] BUY placed: 3504150 @102733.22 x0.00243
[2025-06-12T08:22:06.113Z] SELL placed: 3504151 @105169.9 x0.00243
[2025-06-12T08:22:06.388Z] BUY placed: 3504152 @105169.9 x0.00237
[2025-06-12T08:22:06.662Z] SELL placed: 3504162 @107664.37 x0.00237
[2025-06-12T08:22:06.937Z] BUY placed: 3504169 @107664.37 x0.00232
[2025-06-12T08:22:07.038Z] SELL placed: 3504170 @110218 x0.00232
[2025-06-12T08:22:08.146Z] ===== REPORT =====
[2025-06-12T08:22:08.146Z] Invested: $1000
[2025-06-12T08:22:08.147Z] Bought: $0, Sold: $0, Fees: $0
[2025-06-12T08:22:08.147Z] Profit: $0.00 (0.00%)
[2025-06-12T08:22:08.148Z] Open orders: 88, Trades: 0
[2025-06-12T08:22:15.185Z] Placing grid orders...
[2025-06-12T08:22:15.473Z] BUY placed: 3504265 @100353 x0.00249
[2025-06-12T08:22:15.750Z] SELL placed: 3504267 @102733.22 x0.00249
[2025-06-12T08:22:15.850Z] BUY placed: 3504268 @102733.22 x0.00243
[2025-06-12T08:22:16.130Z] SELL placed: 3504269 @105169.9 x0.00243
[2025-06-12T08:22:16.400Z] BUY placed: 3504270 @105169.9 x0.00237
[2025-06-12T08:22:16.677Z] SELL placed: 3504271 @107664.37 x0.00237
[2025-06-12T08:22:16.779Z] BUY placed: 3504272 @107664.37 x0.00232
[2025-06-12T08:22:17.060Z] SELL placed: 3504280 @110218 x0.00232
[2025-06-12T08:22:17.826Z] ===== REPORT =====
[2025-06-12T08:22:17.827Z] Invested: $1000
[2025-06-12T08:22:17.828Z] Bought: $0, Sold: $0, Fees: $0
[2025-06-12T08:22:17.829Z] Profit: $0.00 (0.00%)
[2025-06-12T08:22:17.830Z] Open orders: 96, Trades: 0
[2025-06-12T08:22:25.186Z] Placing grid orders...
[2025-06-12T08:22:25.520Z] BUY placed: 3504320 @100353 x0.00249
[2025-06-12T08:22:25.790Z] SELL placed: 3504322 @102733.22 x0.00249
[2025-06-12T08:22:25.886Z] BUY placed: 3504323 @102733.22 x0.00243
[2025-06-12T08:22:26.162Z] SELL placed: 3504324 @105169.9 x0.00243
[2025-06-12T08:22:26.435Z] BUY placed: 3504325 @105169.9 x0.00237
[2025-06-12T08:22:26.536Z] SELL placed: 3504326 @107664.37 x0.00237
[2025-06-12T08:22:26.810Z] BUY placed: 3504327 @107664.37 x0.00232
[2025-06-12T08:22:27.091Z] SELL placed: 3504328 @110218 x0.00232
[2025-06-12T08:22:28.205Z] ===== REPORT =====
[2025-06-12T08:22:28.206Z] Invested: $1000
[2025-06-12T08:22:28.207Z] Bought: $0, Sold: $0, Fees: $0
[2025-06-12T08:22:28.208Z] Profit: $0.00 (0.00%)
[2025-06-12T08:22:28.210Z] Open orders: 104, Trades: 0
[2025-06-12T08:22:35.194Z] Placing grid orders...
[2025-06-12T08:22:35.539Z] BUY placed: 3504381 @100353 x0.00249
[2025-06-12T08:22:35.813Z] SELL placed: 3504383 @102733.22 x0.00249
[2025-06-12T08:22:36.084Z] BUY placed: 3504384 @102733.22 x0.00243
[2025-06-12T08:22:36.357Z] SELL placed: 3504385 @105169.9 x0.00243
[2025-06-12T08:22:36.630Z] BUY placed: 3504386 @105169.9 x0.00237
[2025-06-12T08:22:36.729Z] SELL placed: 3504387 @107664.37 x0.00237
[2025-06-12T08:22:36.830Z] BUY placed: 3504388 @107664.37 x0.00232
[2025-06-12T08:22:37.103Z] SELL placed: 3504389 @110218 x0.00232
[2025-06-12T08:22:38.410Z] ===== REPORT =====
[2025-06-12T08:22:38.412Z] Invested: $1000
[2025-06-12T08:22:38.413Z] Bought: $0, Sold: $0, Fees: $0
[2025-06-12T08:22:38.414Z] Profit: $0.00 (0.00%)
[2025-06-12T08:22:38.415Z] Open orders: 112, Trades: 0
[2025-06-12T08:22:45.206Z] Placing grid orders...
[2025-06-12T08:22:45.325Z] BUY placed: 3504442 @100353 x0.00249
[2025-06-12T08:22:45.603Z] SELL placed: 3504450 @102733.22 x0.00249
[2025-06-12T08:22:45.879Z] BUY placed: 3504469 @102733.22 x0.00243
[2025-06-12T08:22:46.149Z] SELL placed: 3504470 @105169.9 x0.00243
[2025-06-12T08:22:46.428Z] BUY placed: 3504471 @105169.9 x0.00237
[2025-06-12T08:22:46.529Z] SELL placed: 3504472 @107664.37 x0.00237
[2025-06-12T08:22:46.629Z] BUY placed: 3504473 @107664.37 x0.00232
[2025-06-12T08:22:46.909Z] SELL placed: 3504474 @110218 x0.00232
[2025-06-12T08:22:48.371Z] ===== REPORT =====
[2025-06-12T08:22:48.372Z] Invested: $1000
[2025-06-12T08:22:48.373Z] Bought: $0, Sold: $0, Fees: $0
[2025-06-12T08:22:48.374Z] Profit: $0.00 (0.00%)
[2025-06-12T08:22:48.375Z] Open orders: 120, Trades: 0
[2025-06-12T08:22:55.210Z] Placing grid orders...
[2025-06-12T08:22:55.508Z] BUY placed: 3504515 @100353 x0.00249
[2025-06-12T08:22:55.782Z] SELL placed: 3504517 @102733.22 x0.00249
[2025-06-12T08:22:56.058Z] BUY placed: 3504518 @102733.22 x0.00243
[2025-06-12T08:22:56.332Z] SELL placed: 3504520 @105169.9 x0.00243
[2025-06-12T08:22:56.602Z] BUY placed: 3504521 @105169.9 x0.00237
[2025-06-12T08:22:56.878Z] SELL placed: 3504522 @107664.37 x0.00237
[2025-06-12T08:22:57.151Z] BUY placed: 3504523 @107664.37 x0.00232
[2025-06-12T08:22:57.421Z] SELL placed: 3504524 @110218 x0.00232
[2025-06-12T08:22:58.540Z] ===== REPORT =====
[2025-06-12T08:22:58.541Z] Invested: $1000
[2025-06-12T08:22:58.542Z] Bought: $0, Sold: $0, Fees: $0
[2025-06-12T08:22:58.543Z] Profit: $0.00 (0.00%)
[2025-06-12T08:22:58.545Z] Open orders: 128, Trades: 0
[2025-06-12T08:23:05.217Z] Placing grid orders...
[2025-06-12T08:23:05.502Z] BUY placed: 3504640 @100353 x0.00249
[2025-06-12T08:23:05.778Z] SELL placed: 3504650 @102733.22 x0.00249
[2025-06-12T08:23:06.059Z] BUY placed: 3504651 @102733.22 x0.00243
[2025-06-12T08:23:06.337Z] SELL placed: 3504652 @105169.9 x0.00243
[2025-06-12T08:23:06.607Z] BUY placed: 3504653 @105169.9 x0.00237
[2025-06-12T08:23:06.881Z] SELL placed: 3504654 @107664.37 x0.00237
[2025-06-12T08:23:07.154Z] BUY placed: 3504655 @107664.37 x0.00232
[2025-06-12T08:23:07.251Z] SELL placed: 3504656 @110218 x0.00232
[2025-06-12T08:23:08.019Z] ===== REPORT =====
[2025-06-12T08:23:08.020Z] Invested: $1000
[2025-06-12T08:23:08.020Z] Bought: $0, Sold: $0, Fees: $0
[2025-06-12T08:23:08.021Z] Profit: $0.00 (0.00%)
[2025-06-12T08:23:08.023Z] Open orders: 136, Trades: 0
[2025-06-12T08:23:15.219Z] Placing grid orders...
[2025-06-12T08:23:15.506Z] BUY placed: 3504727 @100353 x0.00249
[2025-06-12T08:23:15.778Z] SELL placed: 3504729 @102733.22 x0.00249
[2025-06-12T08:23:16.055Z] BUY placed: 3504734 @102733.22 x0.00243
[2025-06-12T08:23:16.331Z] SELL placed: 3504743 @105169.9 x0.00243
[2025-06-12T08:23:16.429Z] BUY placed: 3504744 @105169.9 x0.00237
[2025-06-12T08:23:16.531Z] SELL placed: 3504745 @107664.37 x0.00237
[2025-06-12T08:23:16.804Z] BUY placed: 3504746 @107664.37 x0.00232
[2025-06-12T08:23:17.081Z] SELL placed: 3504747 @110218 x0.00232
[2025-06-12T08:23:17.843Z] ===== REPORT =====
[2025-06-12T08:23:17.845Z] Invested: $1000
[2025-06-12T08:23:17.847Z] Bought: $0, Sold: $0, Fees: $0
[2025-06-12T08:23:17.848Z] Profit: $0.00 (0.00%)
[2025-06-12T08:23:17.850Z] Open orders: 144, Trades: 0
[2025-06-12T08:23:25.222Z] Placing grid orders...
[2025-06-12T08:23:25.512Z] BUY placed: 3504772 @100353 x0.00249
[2025-06-12T08:23:25.790Z] SELL placed: 3504774 @102733.22 x0.00249
[2025-06-12T08:23:26.065Z] BUY placed: 3504776 @102733.22 x0.00243
[2025-06-12T08:23:26.165Z] SELL placed: 3504781 @105169.9 x0.00243
[2025-06-12T08:23:26.442Z] BUY placed: 3504790 @105169.9 x0.00237
[2025-06-12T08:23:26.718Z] SELL placed: 3504803 @107664.37 x0.00237
[2025-06-12T08:23:26.821Z] BUY placed: 3504805 @107664.37 x0.00232
[2025-06-12T08:23:26.922Z] SELL placed: 3504806 @110218 x0.00232
[2025-06-12T08:23:28.037Z] ===== REPORT =====
[2025-06-12T08:23:28.038Z] Invested: $1000
[2025-06-12T08:23:28.039Z] Bought: $0, Sold: $0, Fees: $0
[2025-06-12T08:23:28.040Z] Profit: $0.00 (0.00%)
[2025-06-12T08:23:28.041Z] Open orders: 152, Trades: 0
[2025-06-12T08:23:35.222Z] Placing grid orders...
[2025-06-12T08:23:35.560Z] BUY placed: 3504875 @100353 x0.00249
[2025-06-12T08:23:35.837Z] SELL placed: 3504877 @102733.22 x0.00249
[2025-06-12T08:23:36.110Z] BUY placed: 3504878 @102733.22 x0.00243
[2025-06-12T08:23:36.210Z] SELL placed: 3504879 @105169.9 x0.00243
[2025-06-12T08:23:36.491Z] BUY placed: 3504880 @105169.9 x0.00237
[2025-06-12T08:23:36.590Z] SELL placed: 3504881 @107664.37 x0.00237
[2025-06-12T08:23:36.693Z] BUY placed: 3504882 @107664.37 x0.00232
[2025-06-12T08:23:36.792Z] SELL placed: 3504883 @110218 x0.00232
[2025-06-12T08:23:37.727Z] ===== REPORT =====
[2025-06-12T08:23:37.728Z] Invested: $1000
[2025-06-12T08:23:37.729Z] Bought: $0, Sold: $0, Fees: $0
[2025-06-12T08:23:37.731Z] Profit: $0.00 (0.00%)
[2025-06-12T08:23:37.732Z] Open orders: 160, Trades: 0
