[2025-06-12T09:07:53.550Z] Loaded filters: stepSize=0.00001, minQty=0.00001, minNotional=0
[2025-06-12T09:07:53.553Z] Placing grid orders...
[2025-06-12T09:07:53.841Z] BUY 3517816@100353 x0.00249
[2025-06-12T09:07:54.119Z] SELL 3517817@102733.22 x0.00249
[2025-06-12T09:07:54.394Z] BUY 3517818@102733.22 x0.00243
[2025-06-12T09:07:54.669Z] SELL 3517819@105169.9 x0.00243
[2025-06-12T09:07:54.767Z] BUY 3517820@105169.9 x0.00237
[2025-06-12T09:07:54.868Z] SELL 3517821@107664.37 x0.00237
[2025-06-12T09:07:54.967Z] BUY 3517822@107664.37 x0.00232
[2025-06-12T09:07:55.246Z] SELL 3517825@110218 x0.00232
[2025-06-12T09:07:55.260Z] ===== REPORT =====
[2025-06-12T09:07:55.261Z] Invested: $1000
[2025-06-12T09:07:55.262Z] Bought: $0, Sold: $0, Fees: $0
[2025-06-12T09:07:55.263Z] Profit: $0.00 (0.00%)
[2025-06-12T09:07:55.264Z] Open orders: 8, Trades: 0
[2025-06-12T09:08:05.270Z] Run #1
[2025-06-12T09:08:05.272Z] Placing grid orders...
[2025-06-12T09:08:05.573Z] BUY 3517887@100353 x0.00249
[2025-06-12T09:08:05.845Z] SELL 3517889@102733.22 x0.00249
[2025-06-12T09:08:06.125Z] BUY 3517890@102733.22 x0.00243
[2025-06-12T09:08:06.401Z] SELL 3517891@105169.9 x0.00243
[2025-06-12T09:08:06.500Z] BUY 3517892@105169.9 x0.00237
[2025-06-12T09:08:06.603Z] SELL 3517893@107664.37 x0.00237
[2025-06-12T09:08:06.884Z] BUY 3517894@107664.37 x0.00232
[2025-06-12T09:08:07.162Z] SELL 3517897@110218 x0.00232
[2025-06-12T09:08:07.163Z] ===== REPORT =====
[2025-06-12T09:08:07.164Z] Invested: $1000
[2025-06-12T09:08:07.165Z] Bought: $0, Sold: $0, Fees: $0
[2025-06-12T09:08:07.166Z] Profit: $0.00 (0.00%)
[2025-06-12T09:08:07.167Z] Open orders: 16, Trades: 0
[2025-06-12T09:08:15.274Z] Run #2
[2025-06-12T09:08:15.276Z] Placing grid orders...
[2025-06-12T09:08:15.575Z] BUY 3517941@100353 x0.00249
[2025-06-12T09:08:15.851Z] SELL 3517943@102733.22 x0.00249
[2025-06-12T09:08:16.128Z] BUY 3517944@102733.22 x0.00243
[2025-06-12T09:08:16.228Z] SELL 3517945@105169.9 x0.00243
[2025-06-12T09:08:16.510Z] BUY 3517946@105169.9 x0.00237
[2025-06-12T09:08:16.790Z] SELL 3517947@107664.37 x0.00237
[2025-06-12T09:08:17.065Z] BUY 3517948@107664.37 x0.00232
[2025-06-12T09:08:17.343Z] SELL 3517951@110218 x0.00232
[2025-06-12T09:08:17.344Z] ===== REPORT =====
[2025-06-12T09:08:17.345Z] Invested: $1000
[2025-06-12T09:08:17.345Z] Bought: $0, Sold: $0, Fees: $0
[2025-06-12T09:08:17.346Z] Profit: $0.00 (0.00%)
[2025-06-12T09:08:17.347Z] Open orders: 24, Trades: 0
[2025-06-12T09:08:25.276Z] Run #3
[2025-06-12T09:08:25.277Z] Placing grid orders...
[2025-06-12T09:08:25.567Z] BUY 3518001@100353 x0.00249
[2025-06-12T09:08:25.845Z] SELL 3518003@102733.22 x0.00249
[2025-06-12T09:08:26.116Z] BUY 3518004@102733.22 x0.00243
[2025-06-12T09:08:26.390Z] SELL 3518006@105169.9 x0.00243
[2025-06-12T09:08:26.669Z] BUY 3518007@105169.9 x0.00237
[2025-06-12T09:08:26.766Z] SELL 3518008@107664.37 x0.00237
[2025-06-12T09:08:26.866Z] BUY 3518009@107664.37 x0.00232
[2025-06-12T09:08:27.146Z] SELL 3518010@110218 x0.00232
[2025-06-12T09:08:27.147Z] ===== REPORT =====
[2025-06-12T09:08:27.147Z] Invested: $1000
[2025-06-12T09:08:27.148Z] Bought: $0, Sold: $0, Fees: $0
[2025-06-12T09:08:27.149Z] Profit: $0.00 (0.00%)
[2025-06-12T09:08:27.150Z] Open orders: 32, Trades: 0
[2025-06-12T09:08:27.151Z] Grid disabled
[2025-06-12T09:08:30.660Z] All open orders cancelled
[2025-06-12T09:08:30.661Z] ===== REPORT =====
[2025-06-12T09:08:30.662Z] Invested: $1000
[2025-06-12T09:08:30.663Z] Bought: $0, Sold: $0, Fees: $0
[2025-06-12T09:08:30.664Z] Profit: $0.00 (0.00%)
[2025-06-12T09:08:30.665Z] Open orders: 32, Trades: 0
