[2025-06-12T08:47:50.772Z] Loaded filters: stepSize=0.00001, minQty=0.00001, minNotional=0
[2025-06-12T08:48:00.787Z] Placing grid orders...
[2025-06-12T08:48:00.910Z] BUY placed: 3511535 @100353 x0.00249
[2025-06-12T08:48:01.186Z] SELL placed: 3511538 @102733.22 x0.00249
[2025-06-12T08:48:01.466Z] BUY placed: 3511540 @102733.22 x0.00243
[2025-06-12T08:48:01.743Z] SELL placed: 3511543 @105169.9 x0.00243
[2025-06-12T08:48:01.844Z] BUY placed: 3511545 @105169.9 x0.00237
[2025-06-12T08:48:01.949Z] SELL placed: 3511546 @107664.37 x0.00237
[2025-06-12T08:48:02.223Z] BUY placed: 3511549 @107664.37 x0.00232
[2025-06-12T08:48:02.519Z] SELL placed: 3511550 @110218 x0.00232
[2025-06-12T08:48:03.648Z] ===== REPORT =====
[2025-06-12T08:48:03.649Z] Invested: $1000
[2025-06-12T08:48:03.650Z] Bought: $0, Sold: $0, Fees: $0
[2025-06-12T08:48:03.650Z] Profit: $0.00 (0.00%)
[2025-06-12T08:48:03.651Z] Open orders: 8, Trades: 0
[2025-06-12T08:48:10.802Z] Placing grid orders...
[2025-06-12T08:48:11.093Z] BUY placed: 3511619 @100353 x0.00249
[2025-06-12T08:48:11.370Z] SELL placed: 3511620 @102733.22 x0.00249
[2025-06-12T08:48:11.646Z] BUY placed: 3511622 @102733.22 x0.00243
[2025-06-12T08:48:11.928Z] SELL placed: 3511624 @105169.9 x0.00243
[2025-06-12T08:48:12.028Z] BUY placed: 3511625 @105169.9 x0.00237
[2025-06-12T08:48:12.303Z] SELL placed: 3511626 @107664.37 x0.00237
[2025-06-12T08:48:12.403Z] BUY placed: 3511630 @107664.37 x0.00232
[2025-06-12T08:48:12.677Z] SELL placed: 3511631 @110218 x0.00232
[2025-06-12T08:48:14.156Z] ===== REPORT =====
[2025-06-12T08:48:14.157Z] Invested: $1000
[2025-06-12T08:48:14.158Z] Bought: $0, Sold: $0, Fees: $0
[2025-06-12T08:48:14.159Z] Profit: $0.00 (0.00%)
[2025-06-12T08:48:14.160Z] Open orders: 16, Trades: 0
[2025-06-12T08:48:20.806Z] Placing grid orders...
[2025-06-12T08:48:21.095Z] BUY placed: 3511673 @100353 x0.00249
[2025-06-12T08:48:21.373Z] SELL placed: 3511674 @102733.22 x0.00249
[2025-06-12T08:48:21.651Z] BUY placed: 3511675 @102733.22 x0.00243
[2025-06-12T08:48:21.926Z] SELL placed: 3511680 @105169.9 x0.00243
[2025-06-12T08:48:22.205Z] BUY placed: 3511698 @105169.9 x0.00237
[2025-06-12T08:48:22.480Z] SELL placed: 3511704 @107664.37 x0.00237
[2025-06-12T08:48:22.580Z] BUY placed: 3511705 @107664.37 x0.00232
[2025-06-12T08:48:22.680Z] SELL placed: 3511706 @110218 x0.00232
[2025-06-12T08:48:23.627Z] ===== REPORT =====
[2025-06-12T08:48:23.628Z] Invested: $1000
[2025-06-12T08:48:23.629Z] Bought: $0, Sold: $0, Fees: $0
[2025-06-12T08:48:23.630Z] Profit: $0.00 (0.00%)
[2025-06-12T08:48:23.631Z] Open orders: 24, Trades: 0
[2025-06-12T08:48:30.809Z] Placing grid orders...
[2025-06-12T08:48:31.113Z] BUY placed: 3511713 @100353 x0.00249
[2025-06-12T08:48:31.387Z] SELL placed: 3511724 @102733.22 x0.00249
[2025-06-12T08:48:31.663Z] BUY placed: 3511740 @102733.22 x0.00243
[2025-06-12T08:48:31.937Z] SELL placed: 3511742 @105169.9 x0.00243
[2025-06-12T08:48:32.036Z] BUY placed: 3511743 @105169.9 x0.00237
[2025-06-12T08:48:32.309Z] SELL placed: 3511744 @107664.37 x0.00237
[2025-06-12T08:48:32.589Z] BUY placed: 3511745 @107664.37 x0.00232
[2025-06-12T08:48:32.865Z] SELL placed: 3511746 @110218 x0.00232
[2025-06-12T08:48:33.811Z] ===== REPORT =====
[2025-06-12T08:48:33.813Z] Invested: $1000
[2025-06-12T08:48:33.814Z] Bought: $0, Sold: $0, Fees: $0
[2025-06-12T08:48:33.815Z] Profit: $0.00 (0.00%)
[2025-06-12T08:48:33.816Z] Open orders: 32, Trades: 0
