[2025-06-12T09:02:23.399Z] Loaded filters: stepSize=0.00001, minQty=0.00001, minNotional=0
[2025-06-12T09:02:23.402Z] Placing grid orders...
[2025-06-12T09:02:23.681Z] BUY 3516396@100353 x0.00249
[2025-06-12T09:02:23.958Z] SELL 3516398@102733.22 x0.00249
[2025-06-12T09:02:24.234Z] BUY 3516399@102733.22 x0.00243
[2025-06-12T09:02:24.517Z] SELL 3516400@105169.9 x0.00243
[2025-06-12T09:02:24.794Z] BUY 3516401@105169.9 x0.00237
[2025-06-12T09:02:25.074Z] SELL 3516403@107664.37 x0.00237
[2025-06-12T09:02:25.175Z] BUY 3516404@107664.37 x0.00232
[2025-06-12T09:02:25.458Z] SELL 3516405@110218 x0.00232
[2025-06-12T09:02:25.462Z] ===== REPORT =====
[2025-06-12T09:02:25.463Z] Invested: $1000
[2025-06-12T09:02:25.464Z] Bought: $0, Sold: $0, Fees: $0
[2025-06-12T09:02:25.465Z] Profit: $0.00 (0.00%)
[2025-06-12T09:02:25.465Z] Open orders: 8, Trades: 0
[2025-06-12T09:02:35.478Z] Run #1
[2025-06-12T09:02:35.481Z] Placing grid orders...
[2025-06-12T09:02:35.781Z] BUY 3516433@100353 x0.00249
[2025-06-12T09:02:36.059Z] SELL 3516435@102733.22 x0.00249
[2025-06-12T09:02:36.338Z] BUY 3516436@102733.22 x0.00243
[2025-06-12T09:02:36.463Z] SELL 3516437@105169.9 x0.00243
[2025-06-12T09:02:36.736Z] BUY 3516438@105169.9 x0.00237
[2025-06-12T09:02:37.014Z] SELL 3516439@107664.37 x0.00237
[2025-06-12T09:02:37.113Z] BUY 3516442@107664.37 x0.00232
[2025-06-12T09:02:37.214Z] SELL 3516443@110218 x0.00232
[2025-06-12T09:02:37.215Z] ===== REPORT =====
[2025-06-12T09:02:37.216Z] Invested: $1000
[2025-06-12T09:02:37.217Z] Bought: $0, Sold: $0, Fees: $0
[2025-06-12T09:02:37.218Z] Profit: $0.00 (0.00%)
[2025-06-12T09:02:37.219Z] Open orders: 16, Trades: 0
[2025-06-12T09:02:39.712Z] All open orders cancelled
[2025-06-12T09:02:39.713Z] ===== REPORT =====
[2025-06-12T09:02:39.714Z] Invested: $1000
[2025-06-12T09:02:39.715Z] Bought: $0, Sold: $0, Fees: $0
[2025-06-12T09:02:39.716Z] Profit: $0.00 (0.00%)
[2025-06-12T09:02:39.717Z] Open orders: 16, Trades: 0
[2025-06-12T09:02:45.489Z] Run #2
[2025-06-12T09:02:45.490Z] Placing grid orders...
[2025-06-12T09:02:45.776Z] BUY 3516450@100353 x0.00249
[2025-06-12T09:02:46.057Z] SELL 3516452@102733.22 x0.00249
[2025-06-12T09:02:46.327Z] BUY 3516453@102733.22 x0.00243
[2025-06-12T09:02:46.600Z] SELL 3516454@105169.9 x0.00243
[2025-06-12T09:02:46.873Z] BUY 3516455@105169.9 x0.00237
[2025-06-12T09:02:47.147Z] SELL 3516456@107664.37 x0.00237
[2025-06-12T09:02:47.422Z] BUY 3516457@107664.37 x0.00232
[2025-06-12T09:02:47.700Z] SELL 3516458@110218 x0.00232
[2025-06-12T09:02:47.701Z] ===== REPORT =====
[2025-06-12T09:02:47.702Z] Invested: $1000
[2025-06-12T09:02:47.703Z] Bought: $0, Sold: $0, Fees: $0
[2025-06-12T09:02:47.704Z] Profit: $0.00 (0.00%)
[2025-06-12T09:02:47.705Z] Open orders: 24, Trades: 0
[2025-06-12T09:02:48.652Z] All open orders cancelled
[2025-06-12T09:02:48.653Z] ===== REPORT =====
[2025-06-12T09:02:48.654Z] Invested: $1000
[2025-06-12T09:02:48.655Z] Bought: $0, Sold: $0, Fees: $0
[2025-06-12T09:02:48.655Z] Profit: $0.00 (0.00%)
[2025-06-12T09:02:48.656Z] Open orders: 24, Trades: 0
[2025-06-12T09:02:55.502Z] Run #3
[2025-06-12T09:02:55.503Z] Placing grid orders...
[2025-06-12T09:02:55.800Z] BUY 3516544@100353 x0.00249
[2025-06-12T09:02:56.077Z] SELL 3516558@102733.22 x0.00249
[2025-06-12T09:02:56.179Z] BUY 3516562@102733.22 x0.00243
[2025-06-12T09:02:56.452Z] SELL 3516563@105169.9 x0.00243
[2025-06-12T09:02:56.727Z] BUY 3516564@105169.9 x0.00237
[2025-06-12T09:02:56.998Z] SELL 3516565@107664.37 x0.00237
[2025-06-12T09:02:57.097Z] BUY 3516566@107664.37 x0.00232
[2025-06-12T09:02:57.374Z] SELL 3516567@110218 x0.00232
[2025-06-12T09:02:57.376Z] ===== REPORT =====
[2025-06-12T09:02:57.376Z] Invested: $1000
[2025-06-12T09:02:57.377Z] Bought: $0, Sold: $0, Fees: $0
[2025-06-12T09:02:57.378Z] Profit: $0.00 (0.00%)
[2025-06-12T09:02:57.379Z] Open orders: 32, Trades: 0
[2025-06-12T09:02:58.138Z] All open orders cancelled
[2025-06-12T09:02:58.140Z] ===== REPORT =====
[2025-06-12T09:02:58.141Z] Invested: $1000
[2025-06-12T09:02:58.142Z] Bought: $0, Sold: $0, Fees: $0
[2025-06-12T09:02:58.143Z] Profit: $0.00 (0.00%)
[2025-06-12T09:02:58.144Z] Open orders: 32, Trades: 0
[2025-06-12T09:02:58.145Z] Grid disabled
