[2025-06-13T06:34:57.050Z] Loaded filters: stepSize=0.00001, minQty=0.00001, minNotional=0
[2025-06-13T06:34:57.052Z] Placing grid orders...
[2025-06-13T06:34:57.143Z] BUY 3826446@100353 x0.00249
[2025-06-13T06:34:57.230Z] SELL 3826449@102733.22 x0.00249
[2025-06-13T06:34:57.604Z] BUY 3826459@102733.22 x0.00243
[2025-06-13T06:34:57.789Z] SELL 3826460@105169.9 x0.00243
[2025-06-13T06:34:57.876Z] BUY 3826461@105169.9 x0.00237
[2025-06-13T06:34:57.964Z] SELL 3826462@107664.37 x0.00237
[2025-06-13T06:34:58.148Z] BUY 3826463@107664.37 x0.00232
[2025-06-13T06:34:58.233Z] SELL 3826464@110218 x0.00232
[2025-06-13T06:35:08.248Z] Run #1
[2025-06-13T06:35:08.249Z] Placing grid orders...
[2025-06-13T06:35:08.500Z] BUY 3826576@100353 x0.00249
[2025-06-13T06:35:08.588Z] SELL 3826577@102733.22 x0.00249
[2025-06-13T06:35:08.678Z] BUY 3826578@102733.22 x0.00243
[2025-06-13T06:35:08.768Z] SELL 3826579@105169.9 x0.00243
[2025-06-13T06:35:08.854Z] BUY 3826580@105169.9 x0.00237
[2025-06-13T06:35:08.941Z] SELL 3826581@107664.37 x0.00237
[2025-06-13T06:35:09.056Z] BUY 3826582@107664.37 x0.00232
[2025-06-13T06:35:09.283Z] SELL 3826583@110218 x0.00232
[2025-06-13T06:35:11.072Z] All open orders cancelled
[2025-06-13T06:35:11.073Z] ===== REPORT =====
[2025-06-13T06:35:11.074Z] Invested: $1000
[2025-06-13T06:35:11.075Z] Bought: $0, Sold: $0, Fees: $0
[2025-06-13T06:35:11.076Z] Profit: $0.00 (0.00%)
[2025-06-13T06:35:11.077Z] Open orders: 16, Trades: 0
[2025-06-13T06:35:18.256Z] Run #2
[2025-06-13T06:35:18.257Z] Placing grid orders...
[2025-06-13T06:35:18.488Z] BUY 3826649@100353 x0.00249
[2025-06-13T06:35:18.606Z] SELL 3826650@102733.22 x0.00249
[2025-06-13T06:35:18.723Z] BUY 3826651@102733.22 x0.00243
[2025-06-13T06:35:19.107Z] SELL 3826652@105169.9 x0.00243
[2025-06-13T06:35:19.224Z] BUY 3826653@105169.9 x0.00237
[2025-06-13T06:35:19.337Z] SELL 3826654@107664.37 x0.00237
[2025-06-13T06:35:19.452Z] BUY 3826655@107664.37 x0.00232
[2025-06-13T06:35:19.566Z] SELL 3826656@110218 x0.00232
[2025-06-13T06:35:20.341Z] All open orders cancelled
[2025-06-13T06:35:20.342Z] ===== REPORT =====
[2025-06-13T06:35:20.343Z] Invested: $1000
[2025-06-13T06:35:20.344Z] Bought: $0, Sold: $0, Fees: $0
[2025-06-13T06:35:20.345Z] Profit: $0.00 (0.00%)
[2025-06-13T06:35:20.346Z] Open orders: 24, Trades: 0
[2025-06-13T06:35:28.258Z] Run #3
[2025-06-13T06:35:28.259Z] Placing grid orders...
[2025-06-13T06:35:28.420Z] BUY 3826665@100353 x0.00249
[2025-06-13T06:35:28.514Z] SELL 3826666@102733.22 x0.00249
[2025-06-13T06:35:28.708Z] BUY 3826667@102733.22 x0.00243
[2025-06-13T06:35:28.802Z] SELL 3826668@105169.9 x0.00243
[2025-06-13T06:35:28.891Z] BUY 3826669@105169.9 x0.00237
[2025-06-13T06:35:28.979Z] SELL 3826670@107664.37 x0.00237
[2025-06-13T06:35:29.083Z] BUY 3826671@107664.37 x0.00232
[2025-06-13T06:35:29.268Z] SELL 3826672@110218 x0.00232
[2025-06-13T06:35:29.867Z] All open orders cancelled
[2025-06-13T06:35:29.868Z] ===== REPORT =====
[2025-06-13T06:35:29.869Z] Invested: $1000
[2025-06-13T06:35:29.870Z] Bought: $0, Sold: $0, Fees: $0
[2025-06-13T06:35:29.870Z] Profit: $0.00 (0.00%)
[2025-06-13T06:35:29.871Z] Open orders: 32, Trades: 0
[2025-06-13T06:35:29.872Z] Grid disabled
