[2025-06-13T07:21:56.804Z] Loaded filters: stepSize=0.00001, minQty=0.00001, minNotional=0
[2025-06-13T07:21:56.807Z] Placing grid orders...
[2025-06-13T07:21:56.894Z] BUY 3838547@100000 x0.00249
[2025-06-13T07:21:56.986Z] SELL 3838548@101227.22 x0.00249
[2025-06-13T07:21:57.090Z] BUY 3838549@101227.22 x0.00246
[2025-06-13T07:21:57.208Z] SELL 3838550@102469.51 x0.00246
[2025-06-13T07:21:57.443Z] BUY 3838551@102469.51 x0.00243
[2025-06-13T07:21:57.636Z] SELL 3838552@103727.04 x0.00243
[2025-06-13T07:21:57.823Z] BUY 3838553@103727.04 x0.00241
[2025-06-13T07:21:58.018Z] SELL 3838554@105000 x0.00241
[2025-06-13T07:22:08.044Z] Run #1
[2025-06-13T07:22:08.046Z] Placing grid orders...
[2025-06-13T07:22:08.290Z] BUY 3838606@100000 x0.00249
[2025-06-13T07:22:08.405Z] SELL 3838607@101227.22 x0.00249
[2025-06-13T07:22:08.519Z] BUY 3838608@101227.22 x0.00246
[2025-06-13T07:22:08.644Z] SELL 3838609@102469.51 x0.00246
[2025-06-13T07:22:08.857Z] BUY 3838610@102469.51 x0.00243
[2025-06-13T07:22:08.972Z] SELL 3838611@103727.04 x0.00243
[2025-06-13T07:22:09.189Z] BUY 3838612@103727.04 x0.00241
[2025-06-13T07:22:09.304Z] SELL 3838613@105000 x0.00241
[2025-06-13T07:22:10.651Z] All open orders cancelled
[2025-06-13T07:22:10.652Z] ===== REPORT =====
[2025-06-13T07:22:10.654Z] Invested: $1000
[2025-06-13T07:22:10.654Z] Bought: $0, Sold: $0, Fees: $0
[2025-06-13T07:22:10.655Z] Profit: $0.00 (0.00%)
[2025-06-13T07:22:10.656Z] Open orders: 16, Trades: 0
[2025-06-13T07:22:10.903Z] === Top 10 Asset Summary ===
[2025-06-13T07:22:10.904Z] WBTC: 1 (~104490.42 USDT)
[2025-06-13T07:22:10.904Z] BTC: 0.7054 (~73679.38 USDT)
[2025-06-13T07:22:10.905Z] USDC: 10000 (~9994.00 USDT)
[2025-06-13T07:22:10.905Z] FDUSD: 10000 (~9978.00 USDT)
[2025-06-13T07:22:10.906Z] TUSD: 10000 (~9967.00 USDT)
[2025-06-13T07:22:10.906Z] YFI: 1 (~5057.00 USDT)
[2025-06-13T07:22:10.907Z] PAXG: 1 (~3444.33 USDT)
[2025-06-13T07:22:10.908Z] WBETH: 1 (~2703.69 USDT)
[2025-06-13T07:22:10.908Z] ETH: 1 (~2522.39 USDT)
[2025-06-13T07:22:10.909Z] MKR: 1 (~1895.00 USDT)
[2025-06-13T07:22:10.909Z] Total equivalent USDT: 417296.82
[2025-06-13T07:22:18.057Z] Run #2
[2025-06-13T07:22:18.059Z] Placing grid orders...
[2025-06-13T07:22:18.212Z] BUY 3838658@100000 x0.00249
[2025-06-13T07:22:18.303Z] SELL 3838659@101227.22 x0.00249
[2025-06-13T07:22:18.394Z] BUY 3838660@101227.22 x0.00246
[2025-06-13T07:22:18.487Z] SELL 3838661@102469.51 x0.00246
[2025-06-13T07:22:18.577Z] BUY 3838662@102469.51 x0.00243
[2025-06-13T07:22:18.763Z] SELL 3838663@103727.04 x0.00243
[2025-06-13T07:22:18.851Z] BUY 3838664@103727.04 x0.00241
[2025-06-13T07:22:19.038Z] SELL 3838665@105000 x0.00241
[2025-06-13T07:22:19.654Z] All open orders cancelled
[2025-06-13T07:22:19.655Z] ===== REPORT =====
[2025-06-13T07:22:19.655Z] Invested: $1000
[2025-06-13T07:22:19.655Z] Bought: $0, Sold: $0, Fees: $0
[2025-06-13T07:22:19.656Z] Profit: $0.00 (0.00%)
[2025-06-13T07:22:19.656Z] Open orders: 24, Trades: 0
[2025-06-13T07:22:19.832Z] === Top 10 Asset Summary ===
[2025-06-13T07:22:19.833Z] WBTC: 1 (~104490.42 USDT)
[2025-06-13T07:22:19.833Z] BTC: 0.69802 (~72903.50 USDT)
[2025-06-13T07:22:19.834Z] USDC: 10000 (~9994.00 USDT)
[2025-06-13T07:22:19.834Z] FDUSD: 10000 (~9978.00 USDT)
[2025-06-13T07:22:19.834Z] TUSD: 10000 (~9967.00 USDT)
[2025-06-13T07:22:19.835Z] YFI: 1 (~5057.00 USDT)
[2025-06-13T07:22:19.835Z] PAXG: 1 (~3443.58 USDT)
[2025-06-13T07:22:19.835Z] WBETH: 1 (~2703.69 USDT)
[2025-06-13T07:22:19.835Z] ETH: 1 (~2520.85 USDT)
[2025-06-13T07:22:19.836Z] MKR: 1 (~1895.00 USDT)
[2025-06-13T07:22:19.836Z] Total equivalent USDT: 417272.78
[2025-06-13T07:22:28.063Z] Run #3
[2025-06-13T07:22:28.064Z] Placing grid orders...
[2025-06-13T07:22:28.224Z] BUY 3838698@100000 x0.00249
[2025-06-13T07:22:28.322Z] SELL 3838699@101227.22 x0.00249
[2025-06-13T07:22:28.431Z] BUY 3838700@101227.22 x0.00246
[2025-06-13T07:22:28.521Z] SELL 3838701@102469.51 x0.00246
[2025-06-13T07:22:28.607Z] BUY 3838702@102469.51 x0.00243
[2025-06-13T07:22:28.692Z] SELL 3838703@103727.04 x0.00243
[2025-06-13T07:22:28.884Z] BUY 3838704@103727.04 x0.00241
[2025-06-13T07:22:29.072Z] SELL 3838705@105000 x0.00241
[2025-06-13T07:22:29.682Z] All open orders cancelled
[2025-06-13T07:22:29.683Z] ===== REPORT =====
[2025-06-13T07:22:29.684Z] Invested: $1000
[2025-06-13T07:22:29.685Z] Bought: $0, Sold: $0, Fees: $0
[2025-06-13T07:22:29.686Z] Profit: $0.00 (0.00%)
[2025-06-13T07:22:29.687Z] Open orders: 32, Trades: 0
[2025-06-13T07:22:29.688Z] Grid disabled
[2025-06-13T07:22:29.861Z] === Top 10 Asset Summary ===
[2025-06-13T07:22:29.862Z] WBTC: 1 (~104489.47 USDT)
[2025-06-13T07:22:29.863Z] BTC: 0.69064 (~72135.97 USDT)
[2025-06-13T07:22:29.863Z] USDC: 10000 (~9994.00 USDT)
[2025-06-13T07:22:29.864Z] FDUSD: 10000 (~9978.00 USDT)
[2025-06-13T07:22:29.864Z] TUSD: 10000 (~9970.00 USDT)
[2025-06-13T07:22:29.865Z] YFI: 1 (~5055.00 USDT)
[2025-06-13T07:22:29.865Z] PAXG: 1 (~3443.58 USDT)
[2025-06-13T07:22:29.866Z] WBETH: 1 (~2702.32 USDT)
[2025-06-13T07:22:29.866Z] ETH: 1 (~2521.07 USDT)
[2025-06-13T07:22:29.867Z] MKR: 1 (~1895.00 USDT)
[2025-06-13T07:22:29.867Z] Total equivalent USDT: 417260.53
