[2025-06-12T08:53:05.285Z] Loaded filters: stepSize=0.00001, minQty=0.00001, minNotional=0
[2025-06-12T08:53:05.288Z] Placing grid orders...
[2025-06-12T08:53:05.572Z] BUY placed: 3513135 @100353 x0.00249
[2025-06-12T08:53:05.850Z] SELL placed: 3513137 @102733.22 x0.00249
[2025-06-12T08:53:06.129Z] BUY placed: 3513138 @102733.22 x0.00243
[2025-06-12T08:53:06.233Z] SELL placed: 3513139 @105169.9 x0.00243
[2025-06-12T08:53:06.510Z] BUY placed: 3513140 @105169.9 x0.00237
[2025-06-12T08:53:06.786Z] SELL placed: 3513146 @107664.37 x0.00237
[2025-06-12T08:53:06.888Z] BUY placed: 3513147 @107664.37 x0.00232
[2025-06-12T08:53:06.990Z] SELL placed: 3513148 @110218 x0.00232
[2025-06-12T08:53:16.996Z] Run iteration 1
[2025-06-12T08:53:16.997Z] Placing grid orders...
[2025-06-12T08:53:17.298Z] BUY placed: 3513274 @100353 x0.00249
[2025-06-12T08:53:17.574Z] SELL placed: 3513275 @102733.22 x0.00249
[2025-06-12T08:53:17.847Z] BUY placed: 3513277 @102733.22 x0.00243
[2025-06-12T08:53:17.947Z] SELL placed: 3513278 @105169.9 x0.00243
[2025-06-12T08:53:18.220Z] BUY placed: 3513279 @105169.9 x0.00237
[2025-06-12T08:53:18.319Z] SELL placed: 3513280 @107664.37 x0.00237
[2025-06-12T08:53:18.593Z] BUY placed: 3513292 @107664.37 x0.00232
[2025-06-12T08:53:18.870Z] SELL placed: 3513293 @110218 x0.00232
[2025-06-12T08:53:21.003Z] ===== REPORT =====
[2025-06-12T08:53:21.005Z] Invested: $1000
[2025-06-12T08:53:21.006Z] Bought: $0, Sold: $0, Fees: $0
[2025-06-12T08:53:21.006Z] Profit: $0.00 (0.00%)
[2025-06-12T08:53:21.007Z] Open orders: 16, Trades: 0
[2025-06-12T08:53:27.002Z] Run iteration 2
[2025-06-12T08:53:27.004Z] Placing grid orders...
[2025-06-12T08:53:27.302Z] BUY placed: 3513361 @100353 x0.00249
[2025-06-12T08:53:27.581Z] SELL placed: 3513364 @102733.22 x0.00249
[2025-06-12T08:53:27.856Z] BUY placed: 3513376 @102733.22 x0.00243
[2025-06-12T08:53:27.955Z] SELL placed: 3513377 @105169.9 x0.00243
[2025-06-12T08:53:28.232Z] BUY placed: 3513378 @105169.9 x0.00237
[2025-06-12T08:53:28.507Z] SELL placed: 3513379 @107664.37 x0.00237
[2025-06-12T08:53:28.780Z] BUY placed: 3513380 @107664.37 x0.00232
[2025-06-12T08:53:29.056Z] SELL placed: 3513381 @110218 x0.00232
[2025-06-12T08:53:30.002Z] ===== REPORT =====
[2025-06-12T08:53:30.004Z] Invested: $1000
[2025-06-12T08:53:30.005Z] Bought: $0, Sold: $0, Fees: $0
[2025-06-12T08:53:30.006Z] Profit: $0.00 (0.00%)
[2025-06-12T08:53:30.007Z] Open orders: 24, Trades: 0
[2025-06-12T08:53:37.010Z] Run iteration 3
[2025-06-12T08:53:37.011Z] Placing grid orders...
[2025-06-12T08:53:37.296Z] BUY placed: 3513404 @100353 x0.00249
[2025-06-12T08:53:37.571Z] SELL placed: 3513415 @102733.22 x0.00249
[2025-06-12T08:53:37.851Z] BUY placed: 3513417 @102733.22 x0.00243
[2025-06-12T08:53:38.129Z] SELL placed: 3513418 @105169.9 x0.00243
[2025-06-12T08:53:38.229Z] BUY placed: 3513419 @105169.9 x0.00237
[2025-06-12T08:53:38.337Z] SELL placed: 3513420 @107664.37 x0.00237
[2025-06-12T08:53:38.613Z] BUY placed: 3513421 @107664.37 x0.00232
[2025-06-12T08:53:38.715Z] SELL placed: 3513422 @110218 x0.00232
[2025-06-12T08:53:40.195Z] ===== REPORT =====
[2025-06-12T08:53:40.196Z] Invested: $1000
[2025-06-12T08:53:40.196Z] Bought: $0, Sold: $0, Fees: $0
[2025-06-12T08:53:40.198Z] Profit: $0.00 (0.00%)
[2025-06-12T08:53:40.198Z] Open orders: 32, Trades: 0
[2025-06-12T08:53:40.199Z] Disabled grid activation after 3 runs
