[2025-06-12T09:21:58.499Z] Loaded filters: stepSize=0.00001, minQty=0.00001, minNotional=0
[2025-06-12T09:21:58.513Z] calculateGridPrices: $100353, $102733.22
[2025-06-12T09:21:58.514Z] Placing grid orders...
[2025-06-12T09:21:58.793Z] BUY 3522498@100353 x0.00249
[2025-06-12T09:21:58.911Z] SELL 3522499@102733.22 x0.00249
[2025-06-12T09:21:59.189Z] BUY 3522500@102733.22 x0.00243
[2025-06-12T09:21:59.461Z] SELL 3522511@105169.9 x0.00243
[2025-06-12T09:21:59.556Z] BUY 3522514@105169.9 x0.00237
[2025-06-12T09:21:59.834Z] SELL 3522537@107664.37 x0.00237
[2025-06-12T09:21:59.937Z] BUY 3522543@107664.37 x0.00232
[2025-06-12T09:22:00.049Z] SELL 3522549@110218 x0.00232
[2025-06-12T09:22:00.051Z] ===== REPORT =====
[2025-06-12T09:22:00.052Z] Invested: $1000
[2025-06-12T09:22:00.053Z] Bought: $0, Sold: $0, Fees: $0
[2025-06-12T09:22:00.054Z] Profit: $0.00 (0.00%)
[2025-06-12T09:22:00.055Z] Open orders: 8, Trades: 0
[2025-06-12T09:22:10.067Z] Run #2
[2025-06-12T09:22:10.070Z] calculateGridPrices: $100353, $102733.22
[2025-06-12T09:22:10.071Z] Placing grid orders...
[2025-06-12T09:22:10.375Z] BUY 3522628@100353 x0.00249
[2025-06-12T09:22:10.655Z] SELL 3522630@102733.22 x0.00249
[2025-06-12T09:22:10.932Z] BUY 3522631@102733.22 x0.00243
[2025-06-12T09:22:11.213Z] SELL 3522632@105169.9 x0.00243
[2025-06-12T09:22:11.316Z] BUY 3522633@105169.9 x0.00237
[2025-06-12T09:22:11.590Z] SELL 3522634@107664.37 x0.00237
[2025-06-12T09:22:11.863Z] BUY 3522635@107664.37 x0.00232
[2025-06-12T09:22:12.148Z] SELL 3522636@110218 x0.00232
[2025-06-12T09:22:12.149Z] ===== REPORT =====
[2025-06-12T09:22:12.150Z] Invested: $1000
[2025-06-12T09:22:12.151Z] Bought: $0, Sold: $0, Fees: $0
[2025-06-12T09:22:12.152Z] Profit: $0.00 (0.00%)
[2025-06-12T09:22:12.152Z] Open orders: 16, Trades: 0
[2025-06-12T09:22:12.153Z] Grid disabled
[2025-06-12T09:22:14.109Z] All open orders cancelled
[2025-06-12T09:22:14.111Z] ===== REPORT =====
[2025-06-12T09:22:14.112Z] Invested: $1000
[2025-06-12T09:22:14.113Z] Bought: $0, Sold: $0, Fees: $0
[2025-06-12T09:22:14.114Z] Profit: $0.00 (0.00%)
[2025-06-12T09:22:14.115Z] Open orders: 16, Trades: 0
