[2025-06-13T06:44:51.364Z] Loaded filters: stepSize=0.00001, minQty=0.00001, minNotional=0
[2025-06-13T06:44:51.367Z] Placing grid orders...
[2025-06-13T06:44:51.484Z] BUY 3828902@100353 x0.00249
[2025-06-13T06:44:51.712Z] SELL 3828903@102733.22 x0.00249
[2025-06-13T06:44:51.923Z] BUY 3828904@102733.22 x0.00243
[2025-06-13T06:44:52.036Z] SELL 3828905@105169.9 x0.00243
[2025-06-13T06:44:52.151Z] BUY 3828906@105169.9 x0.00237
[2025-06-13T06:44:52.272Z] SELL 3828907@107664.37 x0.00237
[2025-06-13T06:44:52.526Z] BUY 3828908@107664.37 x0.00232
[2025-06-13T06:44:52.735Z] SELL 3828909@110218 x0.00232
[2025-06-13T06:45:02.748Z] Run #1
[2025-06-13T06:45:02.750Z] Placing grid orders...
[2025-06-13T06:45:02.991Z] BUY 3828958@100353 x0.00249
[2025-06-13T06:45:03.109Z] SELL 3828959@102733.22 x0.00249
[2025-06-13T06:45:03.230Z] BUY 3828960@102733.22 x0.00243
[2025-06-13T06:45:03.344Z] SELL 3828961@105169.9 x0.00243
[2025-06-13T06:45:03.460Z] BUY 3828962@105169.9 x0.00237
[2025-06-13T06:45:03.672Z] SELL 3828963@107664.37 x0.00237
[2025-06-13T06:45:03.829Z] BUY 3828964@107664.37 x0.00232
[2025-06-13T06:45:04.045Z] SELL 3828965@110218 x0.00232
[2025-06-13T06:45:05.422Z] All open orders cancelled
[2025-06-13T06:45:05.423Z] ===== REPORT =====
[2025-06-13T06:45:05.423Z] Invested: $1000
[2025-06-13T06:45:05.424Z] Bought: $0, Sold: $0, Fees: $0
[2025-06-13T06:45:05.424Z] Profit: $0.00 (0.00%)
[2025-06-13T06:45:05.425Z] Open orders: 16, Trades: 0
[2025-06-13T06:45:12.757Z] Run #2
[2025-06-13T06:45:12.759Z] Placing grid orders...
[2025-06-13T06:45:12.914Z] BUY 3829038@100353 x0.00249
[2025-06-13T06:45:13.005Z] SELL 3829039@102733.22 x0.00249
[2025-06-13T06:45:13.093Z] BUY 3829040@102733.22 x0.00243
[2025-06-13T06:45:13.181Z] SELL 3829041@105169.9 x0.00243
[2025-06-13T06:45:13.271Z] BUY 3829042@105169.9 x0.00237
[2025-06-13T06:45:13.357Z] SELL 3829043@107664.37 x0.00237
[2025-06-13T06:45:13.445Z] BUY 3829046@107664.37 x0.00232
[2025-06-13T06:45:13.629Z] SELL 3829054@110218 x0.00232
[2025-06-13T06:45:14.238Z] All open orders cancelled
[2025-06-13T06:45:14.239Z] ===== REPORT =====
[2025-06-13T06:45:14.240Z] Invested: $1000
[2025-06-13T06:45:14.241Z] Bought: $0, Sold: $0, Fees: $0
[2025-06-13T06:45:14.242Z] Profit: $0.00 (0.00%)
[2025-06-13T06:45:14.243Z] Open orders: 24, Trades: 0
[2025-06-13T06:45:22.760Z] Run #3
[2025-06-13T06:45:22.763Z] Placing grid orders...
[2025-06-13T06:45:23.268Z] BUY 3829079@100353 x0.00249
[2025-06-13T06:45:23.467Z] SELL 3829080@102733.22 x0.00249
[2025-06-13T06:45:23.646Z] BUY 3829081@102733.22 x0.00243
[2025-06-13T06:45:23.843Z] SELL 3829082@105169.9 x0.00243
[2025-06-13T06:45:24.150Z] BUY 3829083@105169.9 x0.00237
[2025-06-13T06:45:24.341Z] SELL 3829084@107664.37 x0.00237
[2025-06-13T06:45:24.636Z] BUY 3829085@107664.37 x0.00232
[2025-06-13T06:45:24.951Z] SELL 3829086@110218 x0.00232
[2025-06-13T06:45:26.251Z] All open orders cancelled
[2025-06-13T06:45:26.252Z] ===== REPORT =====
[2025-06-13T06:45:26.253Z] Invested: $1000
[2025-06-13T06:45:26.254Z] Bought: $0, Sold: $0, Fees: $0
[2025-06-13T06:45:26.255Z] Profit: $0.00 (0.00%)
[2025-06-13T06:45:26.255Z] Open orders: 32, Trades: 0
[2025-06-13T06:45:26.256Z] Grid disabled
