[2025-06-12T10:05:44.809Z] Loaded filters: stepSize=0.00001, minQty=0.00001, minNotional=0
[2025-06-12T10:05:44.812Z] Placing grid orders...
[2025-06-12T10:05:45.083Z] BUY 3534613@100353 x0.00249
[2025-06-12T10:05:45.355Z] SELL 3534614@102733.22 x0.00249
[2025-06-12T10:05:45.633Z] BUY 3534615@102733.22 x0.00243
[2025-06-12T10:05:45.909Z] SELL 3534616@105169.9 x0.00243
[2025-06-12T10:05:46.007Z] BUY 3534617@105169.9 x0.00237
[2025-06-12T10:05:46.107Z] SELL 3534618@107664.37 x0.00237
[2025-06-12T10:05:46.383Z] BUY 3534619@107664.37 x0.00232
[2025-06-12T10:05:46.484Z] SELL 3534620@110218 x0.00232
[2025-06-12T10:05:56.509Z] Run #1
[2025-06-12T10:05:56.511Z] Placing grid orders...
[2025-06-12T10:05:56.810Z] BUY 3534622@100353 x0.00249
[2025-06-12T10:05:57.091Z] SELL 3534623@102733.22 x0.00249
[2025-06-12T10:05:57.195Z] BUY 3534624@102733.22 x0.00243
[2025-06-12T10:05:57.300Z] SELL 3534625@105169.9 x0.00243
[2025-06-12T10:05:57.580Z] BUY 3534626@105169.9 x0.00237
[2025-06-12T10:05:57.857Z] SELL 3534627@107664.37 x0.00237
[2025-06-12T10:05:57.958Z] BUY 3534628@107664.37 x0.00232
[2025-06-12T10:05:58.233Z] SELL 3534629@110218 x0.00232
[2025-06-12T10:06:01.206Z] All open orders cancelled
[2025-06-12T10:06:01.208Z] ===== REPORT =====
[2025-06-12T10:06:01.209Z] Invested: $1000
[2025-06-12T10:06:01.211Z] Bought: $0, Sold: $0, Fees: $0
[2025-06-12T10:06:01.212Z] Profit: $0.00 (0.00%)
[2025-06-12T10:06:01.214Z] Open orders: 16, Trades: 0
[2025-06-12T10:06:06.524Z] Run #2
[2025-06-12T10:06:06.526Z] Placing grid orders...
[2025-06-12T10:06:06.817Z] BUY 3534650@100353 x0.00249
[2025-06-12T10:06:07.091Z] SELL 3534651@102733.22 x0.00249
[2025-06-12T10:06:07.372Z] BUY 3534652@102733.22 x0.00243
[2025-06-12T10:06:07.477Z] SELL 3534653@105169.9 x0.00243
[2025-06-12T10:06:07.752Z] BUY 3534654@105169.9 x0.00237
[2025-06-12T10:06:07.852Z] SELL 3534655@107664.37 x0.00237
[2025-06-12T10:06:08.134Z] BUY 3534656@107664.37 x0.00232
[2025-06-12T10:06:08.411Z] SELL 3534657@110218 x0.00232
[2025-06-12T10:06:09.383Z] All open orders cancelled
[2025-06-12T10:06:09.384Z] ===== REPORT =====
[2025-06-12T10:06:09.385Z] Invested: $1000
[2025-06-12T10:06:09.387Z] Bought: $0, Sold: $0, Fees: $0
[2025-06-12T10:06:09.388Z] Profit: $0.00 (0.00%)
[2025-06-12T10:06:09.389Z] Open orders: 24, Trades: 0
[2025-06-12T10:06:16.540Z] Run #3
[2025-06-12T10:06:16.541Z] Placing grid orders...
[2025-06-12T10:06:16.830Z] BUY 3534696@100353 x0.00249
[2025-06-12T10:06:17.103Z] SELL 3534697@102733.22 x0.00249
[2025-06-12T10:06:17.204Z] BUY 3534698@102733.22 x0.00243
[2025-06-12T10:06:17.301Z] SELL 3534699@105169.9 x0.00243
[2025-06-12T10:06:17.577Z] BUY 3534700@105169.9 x0.00237
[2025-06-12T10:06:17.857Z] SELL 3534701@107664.37 x0.00237
[2025-06-12T10:06:18.133Z] BUY 3534702@107664.37 x0.00232
[2025-06-12T10:06:18.409Z] SELL 3534703@110218 x0.00232
[2025-06-12T10:06:19.526Z] All open orders cancelled
[2025-06-12T10:06:19.527Z] ===== REPORT =====
[2025-06-12T10:06:19.529Z] Invested: $1000
[2025-06-12T10:06:19.530Z] Bought: $0, Sold: $0, Fees: $0
[2025-06-12T10:06:19.532Z] Profit: $0.00 (0.00%)
[2025-06-12T10:06:19.533Z] Open orders: 32, Trades: 0
[2025-06-12T10:06:19.535Z] Grid disabled
