[2025-06-12T09:14:58.266Z] Loaded filters: stepSize=0.00001, minQty=0.00001, minNotional=0
[2025-06-12T09:14:58.269Z] calculateGridPrices: ${prices}
[2025-06-12T09:14:58.269Z] Placing grid orders...
[2025-06-12T09:14:58.549Z] BUY 3520343@100353 x0.00249
[2025-06-12T09:14:58.650Z] SELL 3520344@102733.22 x0.00249
[2025-06-12T09:14:58.926Z] BUY 3520345@102733.22 x0.00243
[2025-06-12T09:14:59.204Z] SELL 3520346@105169.9 x0.00243
[2025-06-12T09:14:59.475Z] BUY 3520347@105169.9 x0.00237
[2025-06-12T09:14:59.576Z] SELL 3520348@107664.37 x0.00237
[2025-06-12T09:14:59.678Z] BUY 3520359@107664.37 x0.00232
[2025-06-12T09:14:59.954Z] SELL 3520384@110218 x0.00232
[2025-06-12T09:14:59.956Z] ===== REPORT =====
[2025-06-12T09:14:59.957Z] Invested: $1000
[2025-06-12T09:14:59.957Z] Bought: $0, Sold: $0, Fees: $0
[2025-06-12T09:14:59.958Z] Profit: $0.00 (0.00%)
[2025-06-12T09:14:59.959Z] Open orders: 8, Trades: 0
[2025-06-12T09:15:09.961Z] Run #1
[2025-06-12T09:15:09.962Z] calculateGridPrices: ${prices}
[2025-06-12T09:15:09.964Z] Placing grid orders...
[2025-06-12T09:15:10.268Z] BUY 3520437@100353 x0.00249
[2025-06-12T09:15:10.691Z] SELL 3520438@102733.22 x0.00249
[2025-06-12T09:15:10.969Z] BUY 3520446@102733.22 x0.00243
[2025-06-12T09:15:11.241Z] SELL 3520456@105169.9 x0.00243
[2025-06-12T09:15:11.340Z] BUY 3520457@105169.9 x0.00237
[2025-06-12T09:15:11.439Z] SELL 3520458@107664.37 x0.00237
[2025-06-12T09:15:11.717Z] BUY 3520459@107664.37 x0.00232
[2025-06-12T09:15:11.993Z] SELL 3520460@110218 x0.00232
[2025-06-12T09:15:11.994Z] ===== REPORT =====
[2025-06-12T09:15:11.995Z] Invested: $1000
[2025-06-12T09:15:11.996Z] Bought: $0, Sold: $0, Fees: $0
[2025-06-12T09:15:11.996Z] Profit: $0.00 (0.00%)
[2025-06-12T09:15:11.997Z] Open orders: 16, Trades: 0
[2025-06-12T09:15:19.972Z] Run #2
[2025-06-12T09:15:19.973Z] calculateGridPrices: ${prices}
[2025-06-12T09:15:19.974Z] Placing grid orders...
[2025-06-12T09:15:20.264Z] BUY 3520501@100353 x0.00249
[2025-06-12T09:15:20.535Z] SELL 3520503@102733.22 x0.00249
[2025-06-12T09:15:20.814Z] BUY 3520504@102733.22 x0.00243
[2025-06-12T09:15:21.094Z] SELL 3520505@105169.9 x0.00243
[2025-06-12T09:15:21.196Z] BUY 3520507@105169.9 x0.00237
[2025-06-12T09:15:21.466Z] SELL 3520508@107664.37 x0.00237
[2025-06-12T09:15:21.563Z] BUY 3520509@107664.37 x0.00232
[2025-06-12T09:15:21.665Z] SELL 3520510@110218 x0.00232
[2025-06-12T09:15:21.666Z] ===== REPORT =====
[2025-06-12T09:15:21.667Z] Invested: $1000
[2025-06-12T09:15:21.668Z] Bought: $0, Sold: $0, Fees: $0
[2025-06-12T09:15:21.669Z] Profit: $0.00 (0.00%)
[2025-06-12T09:15:21.669Z] Open orders: 24, Trades: 0
