[2025-06-12T09:18:16.545Z] Loaded filters: stepSize=0.00001, minQty=0.00001, minNotional=0
[2025-06-12T09:18:16.549Z] calculateGridPrices: ${prices[0]}, ${prices[1]} , ${prices[3]}, ${prices[4]}
[2025-06-12T09:18:16.550Z] Placing grid orders...
[2025-06-12T09:18:16.837Z] BUY 3521448@100353 x0.00249
[2025-06-12T09:18:17.138Z] SELL 3521449@102733.22 x0.00249
[2025-06-12T09:18:17.240Z] BUY 3521450@102733.22 x0.00243
[2025-06-12T09:18:17.515Z] SELL 3521452@105169.9 x0.00243
[2025-06-12T09:18:17.785Z] BUY 3521453@105169.9 x0.00237
[2025-06-12T09:18:17.883Z] SELL 3521454@107664.37 x0.00237
[2025-06-12T09:18:18.168Z] BUY 3521457@107664.37 x0.00232
[2025-06-12T09:18:18.439Z] SELL 3521469@110218 x0.00232
[2025-06-12T09:18:18.440Z] ===== REPORT =====
[2025-06-12T09:18:18.441Z] Invested: $1000
[2025-06-12T09:18:18.442Z] Bought: $0, Sold: $0, Fees: $0
[2025-06-12T09:18:18.443Z] Profit: $0.00 (0.00%)
[2025-06-12T09:18:18.444Z] Open orders: 8, Trades: 0
[2025-06-12T09:18:28.445Z] Run #2
[2025-06-12T09:18:28.447Z] calculateGridPrices: ${prices[0]}, ${prices[1]} , ${prices[3]}, ${prices[4]}
[2025-06-12T09:18:28.448Z] Placing grid orders...
[2025-06-12T09:18:28.745Z] BUY 3521520@100353 x0.00249
[2025-06-12T09:18:29.024Z] SELL 3521521@102733.22 x0.00249
[2025-06-12T09:18:29.127Z] BUY 3521522@102733.22 x0.00243
[2025-06-12T09:18:29.407Z] SELL 3521526@105169.9 x0.00243
[2025-06-12T09:18:29.686Z] BUY 3521535@105169.9 x0.00237
[2025-06-12T09:18:29.961Z] SELL 3521536@107664.37 x0.00237
[2025-06-12T09:18:30.059Z] BUY 3521537@107664.37 x0.00232
[2025-06-12T09:18:30.393Z] SELL 3521538@110218 x0.00232
[2025-06-12T09:18:30.393Z] ===== REPORT =====
[2025-06-12T09:18:30.394Z] Invested: $1000
[2025-06-12T09:18:30.394Z] Bought: $0, Sold: $0, Fees: $0
[2025-06-12T09:18:30.394Z] Profit: $0.00 (0.00%)
[2025-06-12T09:18:30.395Z] Open orders: 16, Trades: 0
[2025-06-12T09:18:30.396Z] Grid disabled
[2025-06-12T09:18:34.721Z] All open orders cancelled
[2025-06-12T09:18:34.722Z] ===== REPORT =====
[2025-06-12T09:18:34.723Z] Invested: $1000
[2025-06-12T09:18:34.724Z] Bought: $0, Sold: $0, Fees: $0
[2025-06-12T09:18:34.725Z] Profit: $0.00 (0.00%)
[2025-06-12T09:18:34.726Z] Open orders: 16, Trades: 0
